Starting Dynare (version 5.4).
Calling Dynare with arguments: none
Starting preprocessing of the model file ...
WARNING: in the 'steady_state_model' block, variable 'g' is declared twice
Found 36 equation(s).
Evaluating expressions...done
Computing static model derivatives (order 1).
Computing dynamic model derivatives (order 1).
Processing outputs ...
done
Preprocessing completed.





Residuals of the static equations:

Equation number 1 : 0 : marginal utility of consumption
Equation number 2 : 0 : Euler
Equation number 3 : 0 : Labor Supply
Equation number 4 : 0 : FOC i
Equation number 5 : 0 : technology
Equation number 6 : 0 : Borrowing constraint
Equation number 7 : 0 : Capital law of motion
Equation number 8 : 0 : FOC c
Equation number 9 : 0 : FOC l
Equation number 10 : 0 : FOC k
Equation number 11 : 0 : FOC h
Equation number 12 : 0 : NKPC
Equation number 13 : 0 : FOC y
Equation number 14 : 0 : FOC mu
Equation number 15 : 0 : balance sheet
Equation number 16 : 0 : Resources Constraint
Equation number 17 : 0 : Total consumption
Equation number 18 : 0 : Total emissions
Equation number 19 : 0 : Fisherian equation
Equation number 20 : 0 : Monetary Policy rule
Equation number 21 : 0 : Public spending
Equation number 22 : 0 : Carbon tax
Equation number 23 : 0 : measurement GDP
Equation number 24 : 0 : measurement consumption
Equation number 25 : 0 : measurement investment
Equation number 26 : 0 : measurement inflation
Equation number 27 : 0 : measurement interest rate
Equation number 28 : 0 : measurement corporate loans
Equation number 29 : 0 : shocks
Equation number 30 : 0 : 30
Equation number 31 : 0 : 31
Equation number 32 : 0 : 32
Equation number 33 : 0 : 33
Equation number 34 : 0 : 34
Equation number 35 : 0 : 35
Equation number 36 : 0 : 36


Initial value of the log posterior (or likelihood): -54856.621

MODEL SUMMARY

  Number of variables:         36
  Number of stochastic shocks: 8
  Number of state variables:   16
  Number of jumpers:           8
  Number of static variables:  15


MATRIX OF COVARIANCE OF EXOGENOUS SHOCKS
Variables       eta_a     eta_g     eta_c     eta_m     eta_i     eta_r     eta_t     eta_p
eta_a        1.000000  0.000000  0.000000  0.000000  0.000000  0.000000  0.000000  0.000000
eta_g        0.000000  0.000100  0.000000  0.000000  0.000000  0.000000  0.000000  0.000000
eta_c        0.000000  0.000000  0.000100  0.000000  0.000000  0.000000  0.000000  0.000000
eta_m        0.000000  0.000000  0.000000  1.000000  0.000000  0.000000  0.000000  0.000000
eta_i        0.000000  0.000000  0.000000  0.000000  0.000100  0.000000  0.000000  0.000000
eta_r        0.000000  0.000000  0.000000  0.000000  0.000000  1.000000  0.000000  0.000000
eta_t        0.000000  0.000000  0.000000  0.000000  0.000000  0.000000  0.000100  0.000000
eta_p        0.000000  0.000000  0.000000  0.000000  0.000000  0.000000  0.000000  0.000100

POLICY AND TRANSITION FUNCTIONS
                                   y             c_H             c_E               i              pi               r               q           phi_E               l           l_obs
Constant                   25.000000        8.818808        3.231681        4.029856        1.005000        1.012085        1.000000        0.013092      126.745669               0
c_E(-1)                    -0.010378       -0.013725        0.118277       -0.111188        0.003858        0.003206       -0.126231        0.587195       -0.559466       -0.004414
c_H(-1)                     0.458984        0.663188       -0.299842       -0.069875        0.007329        0.006089       -0.071314        0.309151       -1.096155       -0.008648
k(-1)                       0.216189        0.001723        0.124305        0.012201        0.000771        0.000640        0.024050       -0.136459        0.159548        0.001259
l(-1)                      -0.297035        0.009250       -0.176289       -0.022882       -0.001645       -0.001366       -0.035853        0.198359        0.812476       -0.001480
r(-1)                     -60.581134        0.365671      -34.207804       -4.892945       -0.459434        0.068295       -7.409159       38.266856       96.187855        0.758904
e_a(-1)                    28.298565        1.216533       13.353366        3.523970       -0.120069       -0.099755        3.063394      -13.591202       28.342429        0.223617
e_g(-1)                     3.227218       -0.511728       -1.533029       -0.491786        0.044276        0.036785       -0.374632        1.570366       -7.460243       -0.058860
e_c(-1)                     2.808660        1.534288        0.546301       -0.284755        0.000639        0.000531        0.017032       -0.149691       -2.423631       -0.019122
e_m(-1)                    31.934000       -0.382167       18.270210        2.530294        0.180720        0.150145        4.016436      -22.502987       22.834898        0.180163
e_r(-1)                   -42.205821       -1.417353      -21.667364       -3.901337       -0.579294        0.024756       -5.246147       24.671005        5.482772        0.043258
e_t(-1)                    -1.799960       -0.568276       -4.941060       -1.374040        0.055064        0.045748       -1.166367        5.121526      -12.257975       -0.096713
i(-1)                      -0.183334       -0.024635       -0.798104        0.705517        0.006930        0.005757       -0.186962        0.828190       -1.248673       -0.009852
e_i(-1)                   -10.046153       -0.132506       -7.092922        0.802001       -0.020736       -0.017228       -1.771207        7.770247      -12.766468       -0.100725
eta_a                      31.442850        1.351704       14.837074        3.915522       -0.133410       -0.110839        3.403771      -15.101336       31.491588        0.248463
eta_g                       3.507846       -0.556227       -1.666335       -0.534550        0.048126        0.039984       -0.407209        1.706920       -8.108960       -0.063978
eta_c                       2.925688        1.598217        0.569064       -0.296620        0.000666        0.000553        0.017742       -0.155928       -2.524615       -0.019919
eta_m                      33.264584       -0.398090       19.031468        2.635723        0.188250        0.156401        4.183787      -23.440612       23.786352        0.187670
eta_i                     -11.162392       -0.147229       -7.881025        0.891112       -0.023040       -0.019142       -1.968008        8.633608      -14.184965       -0.111917
eta_r                     -84.411642       -2.834706      -43.334728       -7.802674       -1.158587        0.049512      -10.492293       49.342010       10.965544        0.086516
eta_t                      -1.999956       -0.631417       -5.490066       -1.526711        0.061182        0.050831       -1.295963        5.690585      -13.619972       -0.107459


THEORETICAL MOMENTS
VARIABLE           MEAN    STD. DEV.     VARIANCE
y               25.0000     130.9929   17159.1441
c_H              8.8188      15.4231     237.8728
c_E              3.2317      62.5562    3913.2768
i                4.0299      19.8206     392.8575
pi               1.0050       1.5681       2.4590
r                1.0121       0.5053       0.2553
q                1.0000      11.9145     141.9559
phi_E            0.0131      56.7995    3226.1829
l              126.7457     488.5327  238664.2246
l_obs            0.0000       0.6261       0.3920



VARIANCE DECOMPOSITION (in percent)
          eta_a   eta_g   eta_c   eta_m   eta_i   eta_r   eta_t   eta_p
y         28.58    0.00    0.00    8.66    0.00   62.76    0.00    0.00
c_H       63.62    0.00    0.01   28.59    0.00    7.78    0.00    0.00
c_E       11.84    0.00    0.00   17.97    0.00   70.19    0.00    0.00
i         71.94    0.00    0.00    2.22    0.01   25.83    0.00    0.00
pi         1.04    0.00    0.00    2.77    0.00   96.19    0.00    0.00
r         14.59    0.00    0.00   37.67    0.00   47.74    0.00    0.00
q          8.23    0.00    0.00   12.99    0.00   78.78    0.00    0.00
phi_E      7.07    0.00    0.00   17.08    0.00   75.84    0.00    0.00
l         20.57    0.00    0.00   75.82    0.00    3.61    0.00    0.00
l_obs     16.36    0.00    0.00   38.61    0.00   45.02    0.00    0.00



MATRIX OF CORRELATIONS
Variables          y      c_H      c_E        i       pi        r        q    phi_E        l    l_obs
y             1.0000   0.5003   0.9458   0.8514   0.7743   0.1858   0.6749  -0.6963   0.0442  -0.0055
c_H           0.5003   1.0000   0.2229   0.6327   0.1760  -0.2790   0.1692  -0.1581   0.7368  -0.1866
c_E           0.9458   0.2229   1.0000   0.6671   0.8465   0.3214   0.7266  -0.7580  -0.1768   0.0372
i             0.8514   0.6327   0.6671   1.0000   0.4634  -0.0119   0.4268  -0.4270   0.1715   0.0046
pi            0.7743   0.1760   0.8465   0.4634   1.0000   0.4503   0.5909  -0.6272  -0.1643  -0.2900
r             0.1858  -0.2790   0.3214  -0.0119   0.4503   1.0000  -0.1601   0.0626  -0.2714   0.2352
q             0.6749   0.1692   0.7266   0.4268   0.5909  -0.1601   1.0000  -0.9942   0.0179   0.0819
phi_E        -0.6963  -0.1581  -0.7580  -0.4270  -0.6272   0.0626  -0.9942   1.0000  -0.0183  -0.1214
l             0.0442   0.7368  -0.1768   0.1715  -0.1643  -0.2714   0.0179  -0.0183   1.0000   0.0812
l_obs        -0.0055  -0.1866   0.0372   0.0046  -0.2900   0.2352   0.0819  -0.1214   0.0812   1.0000



COEFFICIENTS OF AUTOCORRELATION
Order           1        2        3        4        5
y          0.6613   0.4566   0.3342   0.2604   0.2145
c_H        0.9707   0.9295   0.8902   0.8556   0.8250
c_E        0.5956   0.3641   0.2305   0.1524   0.1061
i          0.8695   0.7686   0.6873   0.6178   0.5552
pi         0.6440   0.3287   0.1660   0.0827   0.0403
r          0.7578   0.4882   0.2908   0.1663   0.0937
q         -0.0763  -0.0542  -0.0342  -0.0201  -0.0113
phi_E     -0.0523  -0.0273  -0.0145  -0.0078  -0.0043
l          0.9868   0.9616   0.9311   0.8991   0.8675
l_obs      0.4537   0.2036   0.0559  -0.0153  -0.0429
Total computing time : 0h00m12s
Note: 1 warning(s) encountered in the preprocessor
