Starting Dynare (version 6.2).
Calling Dynare with arguments: noclearall
Starting preprocessing of the model file ...
Found 39 equation(s).
Evaluating expressions...
Computing static model derivatives (order 1).
Normalizing the static model...
Finding the optimal block decomposition of the static model...
16 block(s) found:
  15 recursive block(s) and 1 simultaneous block(s).
  the largest simultaneous block has 18 equation(s)
                                 and 18 feedback variable(s).
Computing dynamic model derivatives (order 1).
Normalizing the dynamic model...
Finding the optimal block decomposition of the dynamic model...
13 block(s) found:
  12 recursive block(s) and 1 simultaneous block(s).
  the largest simultaneous block has 21 equation(s)
                                 and 19 feedback variable(s).
Preprocessing completed.
Preprocessing time: 0h00m00s.
[Warning: Some of the parameters have no value (chi, A) when using steady. If these parameters are not
initialized in a steadystate file or a steady_state_model-block, Dynare may not be able to solve the model.
Note that simul, perfect_foresight_setup, and perfect_foresight_solver do not automatically call the steady
state file.] 

STEADY-STATE RESULTS:

rr      		 1.00705
c       		 16.208
c_E     		 5.41965
c_H     		 10.7884
h       		 0.333333
w       		 46.5568
y       		 25
k       		 146.919
i       		 3.67298
l       		 1.30372
lb_E    		 0.615046
phi_E   		 0.0130916
mc      		 0.9
pi      		 1.005
r       		 1.01208
lb_H    		 0.308974
q       		 1
varrho  		 0.886912
tau     		 0.1
mu      		 0.00905975
e       		 2.60273
g       		 5
gy_obs  		 0
gc_obs  		 0
gi_obs  		 0
pi_obs  		 0
r_obs   		 0
l_obs   		 0
co2_obs 		 0
e_a     		 1
e_g     		 1
e_c     		 1
e_m     		 1
e_i     		 1
e_r     		 1
e_t     		 1
e_p     		 1
e_e     		 1
e_mh    		 1


Residuals of the static equations:
Equation number  1: marginal utility of consumption :       0.000000
Equation number  2: Euler                           :       0.000000
Equation number  3: Labor Supply                    :       0.000000
Equation number  4: FOC i                           :       0.000000
Equation number  5: technology                      :       0.000000
Equation number  6: Borrowing constraint            :       0.000000
Equation number  7: Capital law of motion           :       0.000000
Equation number  8: FOC c                           :       0.000000
Equation number  9: FOC l                           :       0.000000
Equation number 10: FOC k                           :       0.000000
Equation number 11: FOC h                           :       0.000000
Equation number 12: NKPC                            :       0.000000
Equation number 13: FOC y                           :       0.000000
Equation number 14: FOC mu                          :       0.000000
Equation number 15: balance sheet                   :       0.000000
Equation number 16: Resources Constraint            :       0.000000
Equation number 17: Total consumption               :       0.000000
Equation number 18: Total emissions                 :       0.000000
Equation number 19: Fisherian equation              :       0.000000
Equation number 20: Monetary Policy rule            :       0.000000
Equation number 21: Public spending                 :       0.000000
Equation number 22: Carbon tax                      :       0.000000
Equation number 23: measurement GDP                 :       0.000000
Equation number 24: measurement consumption         :       0.000000
Equation number 25: measurement investment          :       0.000000
Equation number 26: measurement inflation           :       0.000000
Equation number 27: measurement interest rate       :       0.000000
Equation number 28: measurement corporate loans     :       0.000000
Equation number 29: measurement corporate loans     :       0.000000
Equation number 30: shocks                          :       0.000000
Equation number 31: 31                              :       0.000000
Equation number 32: 32                              :       0.000000
Equation number 33: 33                              :       0.000000
Equation number 34: 34                              :       0.000000
Equation number 35: 35                              :       0.000000
Equation number 36: 36                              :       0.000000
Equation number 37: 37                              :       0.000000
Equation number 38: 38                              :       0.000000
Equation number 39: 39                              :       0.000000



MODEL SUMMARY

  Number of variables:         39
  Number of stochastic shocks: 10
  Number of state variables:   19
  Number of jumpers:           8
  Number of static variables:  15


MATRIX OF COVARIANCE OF EXOGENOUS SHOCKS
Variables       eta_a     eta_g     eta_c     eta_m     eta_i     eta_r     eta_t     eta_p     eta_e    eta_mh
eta_a        0.000000  0.000000  0.000000  0.000000  0.000000  0.000000  0.000000  0.000000  0.000000  0.000000
eta_g        0.000000  0.000000  0.000000  0.000000  0.000000  0.000000  0.000000  0.000000  0.000000  0.000000
eta_c        0.000000  0.000000  0.000000  0.000000  0.000000  0.000000  0.000000  0.000000  0.000000  0.000000
eta_m        0.000000  0.000000  0.000000  0.000000  0.000000  0.000000  0.000000  0.000000  0.000000  0.000000
eta_i        0.000000  0.000000  0.000000  0.000000  0.000000  0.000000  0.000000  0.000000  0.000000  0.000000
eta_r        0.000000  0.000000  0.000000  0.000000  0.000000  0.000000  0.000000  0.000000  0.000000  0.000000
eta_t        0.000000  0.000000  0.000000  0.000000  0.000000  0.000000  1.000000  0.000000  0.000000  0.000000
eta_p        0.000000  0.000000  0.000000  0.000000  0.000000  0.000000  0.000000  0.000000  0.000000  0.000000
eta_e        0.000000  0.000000  0.000000  0.000000  0.000000  0.000000  0.000000  0.000000  0.000000  0.000000
eta_mh       0.000000  0.000000  0.000000  0.000000  0.000000  0.000000  0.000000  0.000000  0.000000  0.000000

POLICY AND TRANSITION FUNCTIONS
                                  rr               c             c_E             c_H               h               w               y               k               i               l            lb_E           phi_E              mc              pi               r            lb_H               q          varrho             tau              mu               e               g          gy_obs          gc_obs          gi_obs          pi_obs           r_obs           l_obs         co2_obs             e_a             e_g             e_c             e_m             e_i             e_r             e_t             e_p             e_e            e_mh
Constant                    1.007049       16.208042        5.419648       10.788394        0.333333       46.556791       25.000000      146.919182        3.672980        1.303718        0.615046        0.013092        0.900000        1.005000        1.012085        0.308974        1.000000        0.886912        0.100000        0.009060        2.602732        5.000000               0               0               0               0               0               0               0        1.000000        1.000000        1.000000        1.000000        1.000000        1.000000        1.000000        1.000000        1.000000        1.000000
c(-1)                              0               0               0               0               0               0               0               0               0               0               0               0               0               0               0               0               0               0               0               0               0               0               0       -0.061698               0               0               0               0               0               0               0               0               0               0               0               0               0               0               0
c_E(-1)                     0.000135        0.230935        0.236802       -0.005867        0.000358       -0.034435        0.018777       -0.212176       -0.212176        0.010945        0.175219        0.286284        0.002164        0.000195        0.000059        0.000560       -0.278593        0.002168               0       -0.000011        0.001592               0        0.000751        0.014248       -0.057767        0.000195        0.000059        0.008395        0.000612               0               0               0               0               0               0               0               0               0               0
c_H(-1)                    -0.001079        0.521503       -0.147254        0.668757        0.008972        0.803743        0.471046       -0.050905       -0.050905        0.013562        0.055703        0.103261        0.023288        0.005597        0.001691        0.002983       -0.088605        0.023389               0       -0.000273        0.039950               0        0.018842        0.032176       -0.013859        0.005597        0.001691        0.010402        0.015349               0               0               0               0               0               0               0               0               0               0
k(-1)                       0.000162        0.034040        0.026950        0.007091       -0.000229        0.069971        0.039010        0.979932        0.004932        0.006362       -0.010195       -0.013121       -0.000786       -0.000363       -0.000110       -0.000677        0.010774       -0.000777               0       -0.000023        0.003308               0        0.001560        0.002100        0.001343       -0.000363       -0.000110        0.004880        0.001271               0               0               0               0               0               0               0               0               0               0
l(-1)                      -0.000986       -0.386325       -0.399586        0.013261       -0.009638       -1.155376       -0.505992       -0.119185       -0.119185        0.159979        0.151156        0.347123       -0.026517       -0.003306       -0.000999       -0.001266       -0.248416       -0.026625               0        0.000293       -0.042913               0       -0.020240       -0.023835       -0.032449       -0.003306       -0.000999       -0.644327       -0.016488               0               0               0               0               0               0               0               0               0               0
r(-1)                       1.015731        8.207940       16.443826       -8.235886        0.298753      -76.744945       15.684533        7.461664        7.461664       -1.304585       -6.220398      -10.763279       -1.322335       -0.537321        0.637667        0.786238        9.736633       -1.318977               0       -0.009094        1.330211               0        0.627381        0.506412        2.031502       -0.537321        0.637667       -1.000665        0.511082               0               0               0               0               0               0               0               0               0               0
e(-1)                              0               0               0               0               0               0               0               0               0               0               0               0               0               0               0               0               0               0               0               0               0               0               0               0               0               0               0               0       -0.384212               0               0               0               0               0               0               0               0               0               0
e_a(-1)                     0.065203       11.911595        8.703282        3.208312       -0.135508       27.224628       16.635840        4.708411        4.708411       -0.072277       -3.292292       -5.200963       -0.481782       -0.175201       -0.052931       -0.306281        5.169296       -0.478221               0       -0.009646        1.410891               0        0.665434        0.734919        1.281905       -0.175201       -0.052931       -0.055439        0.542081        0.950000               0               0               0               0               0               0               0               0               0
e_g(-1)                    -0.017190       -0.851267       -0.279165       -0.572102        0.075411        2.303123        3.959092        0.056590        0.056590        0.078930        0.105603        0.244024        0.105386        0.042379        0.012803        0.054616       -0.154826        0.106234               0       -0.002296        0.335772        4.750000        0.158364       -0.052521        0.015407        0.042379        0.012803        0.060542        0.129007               0        0.950000               0               0               0               0               0               0               0               0
e_c(-1)                    -0.024439        3.818738        1.858642        1.960095        0.076778       -5.309677        4.030848        0.208273        0.208273       -0.154808       -0.118797       -0.640400       -0.046406        0.025679        0.007758        0.106405        0.561433       -0.045543               0       -0.002337        0.341858               0        0.161234        0.235608        0.056704        0.025679        0.007758       -0.118744        0.131346               0               0        0.950000               0               0               0               0               0               0               0
e_m(-1)                     0.001804        0.522960        0.533858       -0.010898        0.012790        1.629596        0.671467        0.147868        0.147868        1.150040       -0.201949       -0.485155        0.036807        0.003985        0.001204        0.001040        0.339020        0.036951               0       -0.000389        0.056947               0        0.026859        0.032265        0.040258        0.003985        0.001204        0.882123        0.021880               0               0               0        0.950000               0               0               0               0               0               0
e_r(-1)                     0.623074        6.914426       13.429427       -6.515001        0.253987      -58.242735       13.334335        6.407217        6.407217       -0.336574       -5.080106       -8.230606       -0.982636       -0.478227        0.260354        0.621954        7.886123       -0.979781               0       -0.007732        1.130890               0        0.533373        0.426605        1.744419       -0.478227        0.260354       -0.258165        0.434501               0               0               0               0               0        0.400000               0               0               0               0
e_t(-1)                    -0.000021       -0.009467       -0.010925        0.001458       -0.001179       -0.143649       -0.061880       -0.004763       -0.004763        0.001720        0.004133        0.007138       -0.002112       -0.000343       -0.000104       -0.000139       -0.006790       -0.003614        0.040000       -0.007212        0.013788               0       -0.002475       -0.000584       -0.001297       -0.000343       -0.000104        0.001319        0.005298               0               0               0               0               0               0        0.400000               0               0               0
e_p(-1)                            0               0               0               0               0               0               0               0               0               0               0               0               0               0               0               0               0               0               0               0               0               0               0               0               0               0               0               0               0               0               0               0               0               0               0               0        0.900000               0               0
e_e(-1)                     0.000997       -0.101550       -0.118559        0.017009       -0.003322       -0.219280       -0.174395       -0.072679       -0.072679       -0.008739        0.044849        0.057787       -0.006279       -0.002487       -0.000751       -0.001624       -0.065245       -0.006316               0        0.000101        2.327668               0       -0.006976       -0.006265       -0.019788       -0.002487       -0.000751       -0.006703        0.894317               0               0               0               0               0               0               0               0        0.900000               0
e_mh(-1)                   -0.000235       -0.052511       -0.053125        0.000614       -0.001249       -0.165636       -0.065579       -0.013006       -0.013006       -0.114135        0.020096        0.049589       -0.003594       -0.000308       -0.000093       -0.000059       -0.033682       -0.003608               0        0.000038       -0.005562               0       -0.002623       -0.003240       -0.003541       -0.000308       -0.000093       -0.087546       -0.002137               0               0               0               0               0               0               0               0               0        0.900000
y(-1)                              0               0               0               0               0               0               0               0               0               0               0               0               0               0               0               0               0               0               0               0               0               0       -0.040000               0               0               0               0               0               0               0               0               0               0               0               0               0               0               0               0
i(-1)                       0.000117       -0.585474       -0.596710        0.011236       -0.000758        0.055744       -0.039801        0.545711        0.545711       -0.028894        0.225724        0.348529        0.003556        0.000464        0.000140       -0.001073       -0.372329        0.003548               0        0.000023       -0.003375               0       -0.001592       -0.036122       -0.123684        0.000464        0.000140       -0.022163       -0.001297               0               0               0               0               0               0               0               0               0               0
e_i(-1)                    -0.012959       -1.558970       -1.852407        0.293436       -0.019939        1.436140       -1.046801        4.002496        0.513166       -0.779457        0.700732        0.695782        0.017837        0.021094        0.006373       -0.028013       -1.237127        0.017613               0        0.000607       -0.088780               0       -0.041872       -0.096185        0.139714        0.021094        0.006373       -0.597872       -0.034110               0               0               0               0        0.950000               0               0               0               0               0
eta_a                       0.068635       12.538521        9.161350        3.377171       -0.142640       28.657503       17.511411        4.956222        4.956222       -0.076081       -3.465571       -5.474697       -0.507139       -0.184423       -0.055717       -0.322401        5.441365       -0.503391               0       -0.010154        1.485149               0        0.700456        0.773599        1.349374       -0.184423       -0.055717       -0.058357        0.570611        1.000000               0               0               0               0               0               0               0               0               0
eta_g                      -0.018095       -0.896070       -0.293858       -0.602213        0.079380        2.424340        4.167465        0.059569        0.059569        0.083084        0.111161        0.256868        0.110933        0.044610        0.013477        0.057490       -0.162975        0.111825               0       -0.002416        0.353444        5.000000        0.166699       -0.055286        0.016218        0.044610        0.013477        0.063729        0.135797               0        1.000000               0               0               0               0               0               0               0               0
eta_c                      -0.025725        4.019724        1.956465        2.063258        0.080819       -5.589134        4.242998        0.219235        0.219235       -0.162956       -0.125049       -0.674105       -0.048848        0.027030        0.008166        0.112005        0.590982       -0.047940               0       -0.002460        0.359850               0        0.169720        0.248008        0.059689        0.027030        0.008166       -0.124993        0.138259               0               0        1.000000               0               0               0               0               0               0               0
eta_m                       0.001899        0.550484        0.561956       -0.011472        0.013463        1.715365        0.706807        0.155650        0.155650        1.210568       -0.212578       -0.510689        0.038744        0.004195        0.001267        0.001095        0.356863        0.038896               0       -0.000410        0.059945               0        0.028272        0.033964        0.042377        0.004195        0.001267        0.928550        0.023031               0               0               0        1.000000               0               0               0               0               0               0
eta_i                      -0.013641       -1.641021       -1.949902        0.308881       -0.020988        1.511726       -1.101896        4.213154        0.540174       -0.820481        0.737612        0.732402        0.018776        0.022204        0.006708       -0.029487       -1.302239        0.018540               0        0.000639       -0.093452               0       -0.044076       -0.101247        0.147067        0.022204        0.006708       -0.629339       -0.035905               0               0               0               0        1.000000               0               0               0               0               0
eta_r                       1.557686       17.286064       33.573567      -16.287503        0.634968     -145.606837       33.335837       16.018043       16.018043       -0.841436      -12.700266      -20.576515       -2.456589       -1.195569        0.650886        1.554885       19.715307       -2.449453               0       -0.019329        2.827224               0        1.333433        1.066512        4.361049       -1.195569        0.650886       -0.645413        1.086252               0               0               0               0               0        1.000000               0               0               0               0
eta_t                      -0.000053       -0.023667       -0.027312        0.003645       -0.002947       -0.359122       -0.154700       -0.011907       -0.011907        0.004299        0.010332        0.017845       -0.005280       -0.000857       -0.000259       -0.000348       -0.016974       -0.009035        0.100000       -0.018030        0.034471               0       -0.006188       -0.001460       -0.003242       -0.000857       -0.000259        0.003297        0.013244               0               0               0               0               0               0        1.000000               0               0               0
eta_p                              0               0               0               0               0               0               0               0               0               0               0               0               0               0               0               0               0               0               0               0               0               0               0               0               0               0               0               0               0               0               0               0               0               0               0               0        1.000000               0               0
eta_e                       0.001108       -0.112833       -0.131732        0.018899       -0.003691       -0.243644       -0.193772       -0.080755       -0.080755       -0.009710        0.049832        0.064208       -0.006977       -0.002764       -0.000835       -0.001804       -0.072495       -0.007018               0        0.000112        2.586298               0       -0.007751       -0.006962       -0.021986       -0.002764       -0.000835       -0.007448        0.993686               0               0               0               0               0               0               0               0        1.000000               0
eta_mh                     -0.000261       -0.058345       -0.059028        0.000682       -0.001388       -0.184040       -0.072866       -0.014451       -0.014451       -0.126817        0.022329        0.055099       -0.003994       -0.000342       -0.000103       -0.000065       -0.037425       -0.004009               0        0.000042       -0.006180               0       -0.002915       -0.003600       -0.003934       -0.000342       -0.000103       -0.097273       -0.002374               0               0               0               0               0               0               0               0               0        1.000000


THEORETICAL MOMENTS
VARIABLE         MEAN  STD. DEV.   VARIANCE
rr             1.0070     0.0005     0.0000
c             16.2080     0.0271     0.0007
c_E            5.4196     0.0352     0.0012
c_H           10.7884     0.0140     0.0002
h              0.3333     0.0033     0.0000
w             46.5568     0.3827     0.1464
y             25.0000     0.1714     0.0294
k            146.9192     0.1357     0.0184
i              3.6730     0.0162     0.0003
l              1.3037     0.0055     0.0000
lb_E           0.6150     0.0104     0.0001
phi_E          0.0131     0.0178     0.0003
mc             0.9000     0.0056     0.0000
pi             1.0050     0.0009     0.0000
r              1.0121     0.0005     0.0000
lb_H           0.3090     0.0006     0.0000
q              1.0000     0.0171     0.0003
varrho         0.8869     0.0097     0.0001
tau            0.1000     0.1091     0.0119
mu             0.0091     0.0197     0.0004
e              2.6027     0.0374     0.0014
g              5.0000     0.0000     0.0000
gy_obs         0.0000     0.0073     0.0001
gc_obs         0.0000     0.0017     0.0000
gi_obs         0.0000     0.0035     0.0000
pi_obs         0.0000     0.0009     0.0000
r_obs          0.0000     0.0005     0.0000
l_obs          0.0000     0.0037     0.0000
co2_obs        0.0000     0.0159     0.0003
e_a            1.0000     0.0000     0.0000
e_g            1.0000     0.0000     0.0000
e_c            1.0000     0.0000     0.0000
e_m            1.0000     0.0000     0.0000
e_i            1.0000     0.0000     0.0000
e_r            1.0000     0.0000     0.0000
e_t            1.0000     1.0911     1.1905
e_p            1.0000     0.0000     0.0000
e_e            1.0000     0.0000     0.0000
e_mh           1.0000     0.0000     0.0000



VARIANCE DECOMPOSITION (in percent)
            eta_a   eta_g   eta_c   eta_m   eta_i   eta_r   eta_t   eta_p   eta_e  eta_mh
rr           0.00    0.00    0.00    0.00    0.00    0.00  100.00    0.00    0.00    0.00
c            0.00    0.00    0.00    0.00    0.00    0.00  100.00    0.00    0.00    0.00
c_E          0.00    0.00    0.00    0.00    0.00    0.00  100.00    0.00    0.00    0.00
c_H          0.00    0.00    0.00    0.00    0.00    0.00  100.00    0.00    0.00    0.00
h            0.00    0.00    0.00    0.00    0.00    0.00  100.00    0.00    0.00    0.00
w            0.00    0.00    0.00    0.00    0.00    0.00  100.00    0.00    0.00    0.00
y            0.00    0.00    0.00    0.00    0.00    0.00  100.00    0.00    0.00    0.00
k            0.00    0.00    0.00    0.00    0.00    0.00  100.00    0.00    0.00    0.00
i            0.00    0.00    0.00    0.00    0.00    0.00  100.00    0.00    0.00    0.00
l            0.00    0.00    0.00    0.00    0.00    0.00  100.00    0.00    0.00    0.00
lb_E         0.00    0.00    0.00    0.00    0.00    0.00  100.00    0.00    0.00    0.00
phi_E        0.00    0.00    0.00    0.00    0.00    0.00  100.00    0.00    0.00    0.00
mc           0.00    0.00    0.00    0.00    0.00    0.00  100.00    0.00    0.00    0.00
pi           0.00    0.00    0.00    0.00    0.00    0.00  100.00    0.00    0.00    0.00
r            0.00    0.00    0.00    0.00    0.00    0.00  100.00    0.00    0.00    0.00
lb_H         0.00    0.00    0.00    0.00    0.00    0.00  100.00    0.00    0.00    0.00
q            0.00    0.00    0.00    0.00    0.00    0.00  100.00    0.00    0.00    0.00
varrho       0.00    0.00    0.00    0.00    0.00    0.00  100.00    0.00    0.00    0.00
tau          0.00    0.00    0.00    0.00    0.00    0.00  100.00    0.00    0.00    0.00
mu           0.00    0.00    0.00    0.00    0.00    0.00  100.00    0.00    0.00    0.00
e            0.00    0.00    0.00    0.00    0.00    0.00  100.00    0.00    0.00    0.00
g            0.00    0.00    0.00    0.00    0.00    0.00  100.00    0.00    0.00    0.00
gy_obs       0.00    0.00    0.00    0.00    0.00    0.00  100.00    0.00    0.00    0.00
gc_obs       0.00    0.00    0.00    0.00    0.00    0.00  100.00    0.00    0.00    0.00
gi_obs       0.00    0.00    0.00    0.00    0.00    0.00  100.00    0.00    0.00    0.00
pi_obs       0.00    0.00    0.00    0.00    0.00    0.00  100.00    0.00    0.00    0.00
r_obs        0.00    0.00    0.00    0.00    0.00    0.00  100.00    0.00    0.00    0.00
l_obs        0.00    0.00    0.00    0.00    0.00    0.00  100.00    0.00    0.00    0.00
co2_obs      0.00    0.00    0.00    0.00    0.00    0.00  100.00    0.00    0.00    0.00
e_a          0.00    0.00    0.00    0.00    0.00    0.00  100.00    0.00    0.00    0.00
e_g          0.00    0.00    0.00    0.00    0.00    0.00  100.00    0.00    0.00    0.00
e_c          0.00    0.00    0.00    0.00    0.00    0.00  100.00    0.00    0.00    0.00
e_m          0.00    0.00    0.00    0.00    0.00    0.00  100.00    0.00    0.00    0.00
e_i          0.00    0.00    0.00    0.00    0.00    0.00  100.00    0.00    0.00    0.00
e_r         -0.00   -0.00   -0.00   -0.00   -0.00   -0.00  100.00   -0.00   -0.00   -0.00
e_t          0.00    0.00    0.00    0.00    0.00    0.00  100.00    0.00    0.00    0.00
e_p          0.00    0.00    0.00    0.00    0.00    0.00  100.00    0.00    0.00    0.00
e_e          0.00    0.00    0.00    0.00    0.00    0.00  100.00    0.00    0.00    0.00
e_mh         0.00    0.00    0.00    0.00    0.00    0.00  100.00    0.00    0.00    0.00



MATRIX OF CORRELATIONS
Variables         rr        c      c_E      c_H        h        w        y        k        i        l     lb_E    phi_E       mc       pi        r     lb_H        q   varrho      tau       mu        e   gy_obs   gc_obs   gi_obs   pi_obs    r_obs    l_obs  co2_obs      e_t
rr            1.0000   0.3834   0.6711  -0.9408   0.4399   0.3412   0.4520   0.4146   0.7316  -0.6113  -0.0119  -0.0970   0.3178   0.1108   0.8604   0.8050  -0.0023   0.3635  -0.4246   0.4245  -0.4138  -0.3661  -0.3881  -0.2976   0.1108   0.8604   0.3489   0.3670  -0.4246
c             0.3834   1.0000   0.9307  -0.4007   0.9699   0.9742   0.9751   0.3070   0.8643  -0.8860  -0.8383  -0.8707   0.9687   0.9262   0.7752   0.7897   0.8311   0.9708  -0.9694   0.9693  -0.9666   0.5133   0.5169   0.6572   0.9262   0.7752  -0.6161  -0.4917  -0.9694
c_E           0.6711   0.9307   1.0000  -0.7080   0.9513   0.9200   0.9592   0.3840   0.9808  -0.9485  -0.7169  -0.7729   0.9052   0.7958   0.9400   0.9325   0.7061   0.9251  -0.9483   0.9483  -0.9436   0.3365   0.3323   0.4605   0.7958   0.9400  -0.4127  -0.3204  -0.9483
c_H          -0.9408  -0.4007  -0.7080   1.0000  -0.5105  -0.4237  -0.5202  -0.3692  -0.7882   0.6655   0.1774   0.2550  -0.3974  -0.2053  -0.8579  -0.8112  -0.1641  -0.4431   0.5039  -0.5039   0.4974   0.1482   0.1655   0.1154  -0.2053  -0.8579  -0.1558  -0.1469   0.5039
h             0.4399   0.9699   0.9513  -0.5105   1.0000   0.9935   0.9992   0.1716   0.9286  -0.9590  -0.8617  -0.9035   0.9912   0.9406   0.8329   0.8630   0.8604   0.9965  -0.9994   0.9994  -0.9990   0.5395   0.5397   0.6745   0.9406   0.8329  -0.6308  -0.5198  -0.9994
w             0.3412   0.9742   0.9200  -0.4237   0.9935   1.0000   0.9927   0.1655   0.8835  -0.9232  -0.9051  -0.9371   0.9985   0.9691   0.7664   0.8000   0.9037   0.9991  -0.9956   0.9956  -0.9962   0.6143   0.6179   0.7440   0.9691   0.7664  -0.7058  -0.5940  -0.9956
y             0.4520   0.9751   0.9592  -0.5202   0.9992   0.9927   1.0000   0.2112   0.9315  -0.9541  -0.8591  -0.9004   0.9884   0.9339   0.8377   0.8624   0.8560   0.9947  -0.9990   0.9990  -0.9982   0.5336   0.5341   0.6664   0.9339   0.8377  -0.6233  -0.5141  -0.9990
k             0.4146   0.3070   0.3840  -0.3692   0.1716   0.1655   0.2112   1.0000   0.2661  -0.0756  -0.0852  -0.0858   0.1155   0.0049   0.2996   0.1703   0.0404   0.1435  -0.1812   0.1810  -0.1694  -0.0661  -0.0601  -0.0932   0.0049   0.2996   0.0887   0.0640  -0.1812
i             0.7316   0.8643   0.9808  -0.7882   0.9286   0.8835   0.9315   0.2661   1.0000  -0.9740  -0.6634  -0.7295   0.8724   0.7514   0.9713   0.9745   0.6578   0.8955  -0.9233   0.9233  -0.9196   0.2795   0.2722   0.4004   0.7514   0.9713  -0.3491  -0.2650  -0.9233
l            -0.6113  -0.8860  -0.9485   0.6655  -0.9590  -0.9232  -0.9541  -0.0756  -0.9740   1.0000   0.7169   0.7803  -0.9240  -0.8368  -0.9249  -0.9591  -0.7205  -0.9374   0.9518  -0.9518   0.9505  -0.3483  -0.3427  -0.4929  -0.8368  -0.9249   0.4394   0.3299   0.9518
lb_E         -0.0119  -0.8383  -0.7169   0.1774  -0.8617  -0.9051  -0.8591  -0.0852  -0.6634   0.7169   1.0000   0.9954  -0.9034  -0.9398  -0.4826  -0.5260  -0.9989  -0.8931   0.8752  -0.8753   0.8811  -0.8907  -0.8906  -0.9478  -0.9398  -0.4826   0.9298   0.8791   0.8752
phi_E        -0.0970  -0.8707  -0.7729   0.2550  -0.9035  -0.9371  -0.9004  -0.0858  -0.7295   0.7803   0.9954   1.0000  -0.9355  -0.9557  -0.5607  -0.6042  -0.9949  -0.9284   0.9147  -0.9148   0.9198  -0.8480  -0.8469  -0.9176  -0.9557  -0.5607   0.8941   0.8354   0.9147
mc            0.3178   0.9687   0.9052  -0.3974   0.9912   0.9985   0.9884   0.1155   0.8724  -0.9240  -0.9034  -0.9355   1.0000   0.9772   0.7537   0.7944   0.9044   0.9987  -0.9924   0.9924  -0.9935   0.6156   0.6195   0.7509   0.9772   0.7537  -0.7119  -0.5945  -0.9924
pi            0.1108   0.9262   0.7958  -0.2053   0.9406   0.9691   0.9339   0.0049   0.7514  -0.8368  -0.9398  -0.9557   0.9772   1.0000   0.6001   0.6582   0.9452   0.9652  -0.9446   0.9447  -0.9483   0.7214   0.7297   0.8504   1.0000   0.6001  -0.8199  -0.6994  -0.9446
r             0.8604   0.7752   0.9400  -0.8579   0.8329   0.7664   0.8377   0.2996   0.9713  -0.9249  -0.4826  -0.5607   0.7537   0.6001   1.0000   0.9898   0.4758   0.7839  -0.8217   0.8216  -0.8151   0.0661   0.0516   0.1906   0.6001   1.0000  -0.1322  -0.0540  -0.8217
lb_H          0.8050   0.7897   0.9325  -0.8112   0.8630   0.8000   0.8624   0.1703   0.9745  -0.9591  -0.5260  -0.6042   0.7944   0.6582   0.9898   1.0000   0.5253   0.8197  -0.8509   0.8508  -0.8459   0.1177   0.1031   0.2540   0.6582   0.9898  -0.1934  -0.1040  -0.8509
q            -0.0023   0.8311   0.7061  -0.1641   0.8604   0.9037   0.8560   0.0404   0.6578  -0.7205  -0.9989  -0.9949   0.9044   0.9452   0.4758   0.5253   1.0000   0.8929  -0.8733   0.8734  -0.8796   0.8925   0.8924   0.9529   0.9452   0.4758  -0.9342  -0.8805  -0.8733
varrho        0.3635   0.9708   0.9251  -0.4431   0.9965   0.9991   0.9947   0.1435   0.8955  -0.9374  -0.8931  -0.9284   0.9987   0.9652   0.7839   0.8197   0.8929   1.0000  -0.9975   0.9975  -0.9980   0.5939   0.5965   0.7273   0.9652   0.7839  -0.6870  -0.5735  -0.9975
tau          -0.4246  -0.9694  -0.9483   0.5039  -0.9994  -0.9956  -0.9990  -0.1812  -0.9233   0.9518   0.8752   0.9147  -0.9924  -0.9446  -0.8217  -0.8509  -0.8733  -0.9975   1.0000  -1.0000   0.9999  -0.5617  -0.5626  -0.6918  -0.9446  -0.8217   0.6499   0.5424   1.0000
mu            0.4245   0.9693   0.9483  -0.5039   0.9994   0.9956   0.9990   0.1810   0.9233  -0.9518  -0.8753  -0.9148   0.9924   0.9447   0.8216   0.8508   0.8734   0.9975  -1.0000   1.0000  -0.9999   0.5619   0.5628   0.6920   0.9447   0.8216  -0.6501  -0.5425  -1.0000
e            -0.4138  -0.9666  -0.9436   0.4974  -0.9990  -0.9962  -0.9982  -0.1694  -0.9196   0.9505   0.8811   0.9198  -0.9935  -0.9483  -0.8151  -0.8459  -0.8796  -0.9980   0.9999  -0.9999   1.0000  -0.5724  -0.5734  -0.7013  -0.9483  -0.8151   0.6600   0.5531   0.9999
gy_obs       -0.3661   0.5133   0.3365   0.1482   0.5395   0.6143   0.5336  -0.0661   0.2795  -0.3483  -0.8907  -0.8480   0.6156   0.7214   0.0661   0.1177   0.8925   0.5939  -0.5617   0.5619  -0.5724   1.0000   0.9971   0.9736   0.7214   0.0661  -0.9804  -0.9992  -0.5617
gc_obs       -0.3881   0.5169   0.3323   0.1655   0.5397   0.6179   0.5341  -0.0601   0.2722  -0.3427  -0.8906  -0.8469   0.6195   0.7297   0.0516   0.1031   0.8924   0.5965  -0.5626   0.5628  -0.5734   0.9971   1.0000   0.9757   0.7297   0.0516  -0.9860  -0.9941  -0.5626
gi_obs       -0.2976   0.6572   0.4605   0.1154   0.6745   0.7440   0.6664  -0.0932   0.4004  -0.4929  -0.9478  -0.9176   0.7509   0.8504   0.1906   0.2540   0.9529   0.7273  -0.6918   0.6920  -0.7013   0.9736   0.9757   1.0000   0.8504   0.1906  -0.9969  -0.9650  -0.6918
pi_obs        0.1108   0.9262   0.7958  -0.2053   0.9406   0.9691   0.9339   0.0049   0.7514  -0.8368  -0.9398  -0.9557   0.9772   1.0000   0.6001   0.6582   0.9452   0.9652  -0.9446   0.9447  -0.9483   0.7214   0.7297   0.8504   1.0000   0.6001  -0.8199  -0.6994  -0.9446
r_obs         0.8604   0.7752   0.9400  -0.8579   0.8329   0.7664   0.8377   0.2996   0.9713  -0.9249  -0.4826  -0.5607   0.7537   0.6001   1.0000   0.9898   0.4758   0.7839  -0.8217   0.8216  -0.8151   0.0661   0.0516   0.1906   0.6001   1.0000  -0.1322  -0.0540  -0.8217
l_obs         0.3489  -0.6161  -0.4127  -0.1558  -0.6308  -0.7058  -0.6233   0.0887  -0.3491   0.4394   0.9298   0.8941  -0.7119  -0.8199  -0.1322  -0.1934  -0.9342  -0.6870   0.6499  -0.6501   0.6600  -0.9804  -0.9860  -0.9969  -0.8199  -0.1322   1.0000   0.9720   0.6499
co2_obs       0.3670  -0.4917  -0.3204  -0.1469  -0.5198  -0.5940  -0.5141   0.0640  -0.2650   0.3299   0.8791   0.8354  -0.5945  -0.6994  -0.0540  -0.1040  -0.8805  -0.5735   0.5424  -0.5425   0.5531  -0.9992  -0.9941  -0.9650  -0.6994  -0.0540   0.9720   1.0000   0.5424
e_t          -0.4246  -0.9694  -0.9483   0.5039  -0.9994  -0.9956  -0.9990  -0.1812  -0.9233   0.9518   0.8752   0.9147  -0.9924  -0.9446  -0.8217  -0.8509  -0.8733  -0.9975   1.0000  -1.0000   0.9999  -0.5617  -0.5626  -0.6918  -0.9446  -0.8217   0.6499   0.5424   1.0000



COEFFICIENTS OF AUTOCORRELATION
Order            1        2        3        4        5
rr          0.8513   0.6050   0.3873   0.2271   0.1201
c           0.4657   0.1692   0.0357  -0.0094  -0.0112
c_E         0.6296   0.3971   0.2590   0.1758   0.1250
c_H         0.9344   0.7873   0.6105   0.4387   0.2900
h           0.4243   0.1712   0.0621   0.0160  -0.0024
w           0.3435   0.0936   0.0093  -0.0125  -0.0127
y           0.4306   0.1814   0.0745   0.0297   0.0120
k           0.9930   0.9766   0.9542   0.9279   0.8992
i           0.6794   0.4559   0.3051   0.2005   0.1266
l           0.6139   0.3360   0.1774   0.0865   0.0318
lb_E       -0.0656  -0.0498  -0.0249  -0.0112  -0.0042
phi_E      -0.0012  -0.0087  -0.0013   0.0013   0.0011
mc          0.3446   0.0764  -0.0157  -0.0388  -0.0376
pi          0.2404  -0.0339  -0.1051  -0.1038  -0.0820
r           0.8063   0.5478   0.3315   0.1777   0.0783
lb_H        0.7762   0.5039   0.2827   0.1284   0.0306
q          -0.0624  -0.0553  -0.0338  -0.0213  -0.0145
varrho      0.3662   0.1098   0.0163  -0.0128  -0.0182
tau         0.4000   0.1600   0.0640   0.0256   0.0102
mu          0.3998   0.1599   0.0639   0.0256   0.0102
e           0.3882   0.1519   0.0602   0.0243   0.0099
gy_obs     -0.2811  -0.1250  -0.0546  -0.0238  -0.0103
gc_obs     -0.2226  -0.1525  -0.0828  -0.0404  -0.0171
gi_obs     -0.1514  -0.1134  -0.0721  -0.0478  -0.0335
pi_obs      0.2404  -0.0339  -0.1051  -0.1038  -0.0820
r_obs       0.8063   0.5478   0.3315   0.1777   0.0783
l_obs      -0.1400  -0.1546  -0.0875  -0.0470  -0.0266
co2_obs    -0.3069  -0.1182  -0.0456  -0.0175  -0.0067
e_t         0.4000   0.1600   0.0640   0.0256   0.0102
Total computing time : 0h00m00s
Note: warning(s) encountered in MATLAB/Octave code
