Starting Dynare (version 6.2).
Calling Dynare with arguments: noclearall
Starting preprocessing of the model file ...
Found 39 equation(s).
Evaluating expressions...
Computing static model derivatives (order 1).
Normalizing the static model...
Finding the optimal block decomposition of the static model...
16 block(s) found:
  15 recursive block(s) and 1 simultaneous block(s).
  the largest simultaneous block has 18 equation(s)
                                 and 18 feedback variable(s).
Computing dynamic model derivatives (order 1).
Normalizing the dynamic model...
Finding the optimal block decomposition of the dynamic model...
13 block(s) found:
  12 recursive block(s) and 1 simultaneous block(s).
  the largest simultaneous block has 21 equation(s)
                                 and 19 feedback variable(s).
Preprocessing completed.
Preprocessing time: 0h00m00s.
[Warning: Some of the parameters have no value (chi, A) when using steady. If these parameters are not
initialized in a steadystate file or a steady_state_model-block, Dynare may not be able to solve the model.
Note that simul, perfect_foresight_setup, and perfect_foresight_solver do not automatically call the steady
state file.] 

STEADY-STATE RESULTS:

rr      		 1.00705
c       		 13.7956
c_E     		 2.50651
c_H     		 11.2891
h       		 0.333333
w       		 44.3455
y       		 25
k       		 197.013
i       		 4.92531
l       		 195.423
lb_E    		 1.32987
phi_E   		 0.0130916
mc      		 0.9
pi      		 1.005
r       		 1.01208
lb_H    		 0.295271
q       		 1
varrho  		 0.844688
tau     		 0.1
mu      		 0.506471
e       		 1.29627
g       		 5
gy_obs  		 0
gc_obs  		 0
gi_obs  		 0
pi_obs  		 0
r_obs   		 0
l_obs   		 0
co2_obs 		 0
e_a     		 1
e_g     		 1
e_c     		 1
e_m     		 1
e_i     		 1
e_r     		 1
e_t     		 1
e_p     		 1
e_e     		 1
e_mh    		 1


Residuals of the static equations:
Equation number  1: marginal utility of consumption :       0.000000
Equation number  2: Euler                           :       0.000000
Equation number  3: Labor Supply                    :       0.000000
Equation number  4: FOC i                           :       0.000000
Equation number  5: technology                      :       0.000000
Equation number  6: Borrowing constraint            :       0.000000
Equation number  7: Capital law of motion           :       0.000000
Equation number  8: FOC c                           :       0.000000
Equation number  9: FOC l                           :       0.000000
Equation number 10: FOC k                           :       0.000000
Equation number 11: FOC h                           :       0.000000
Equation number 12: NKPC                            :       0.000000
Equation number 13: FOC y                           :       0.000000
Equation number 14: FOC mu                          :       0.000000
Equation number 15: balance sheet                   :       0.000000
Equation number 16: Resources Constraint            :       0.000000
Equation number 17: Total consumption               :       0.000000
Equation number 18: Total emissions                 :       0.000000
Equation number 19: Fisherian equation              :       0.000000
Equation number 20: Monetary Policy rule            :       0.000000
Equation number 21: Public spending                 :       0.000000
Equation number 22: Carbon tax                      :       0.000000
Equation number 23: measurement GDP                 :       0.000000
Equation number 24: measurement consumption         :       0.000000
Equation number 25: measurement investment          :       0.000000
Equation number 26: measurement inflation           :       0.000000
Equation number 27: measurement interest rate       :       0.000000
Equation number 28: measurement corporate loans     :       0.000000
Equation number 29: measurement corporate loans     :       0.000000
Equation number 30: shocks                          :       0.000000
Equation number 31: 31                              :       0.000000
Equation number 32: 32                              :       0.000000
Equation number 33: 33                              :       0.000000
Equation number 34: 34                              :       0.000000
Equation number 35: 35                              :       0.000000
Equation number 36: 36                              :       0.000000
Equation number 37: 37                              :       0.000000
Equation number 38: 38                              :       0.000000
Equation number 39: 39                              :       0.000000



MODEL SUMMARY

  Number of variables:         39
  Number of stochastic shocks: 10
  Number of state variables:   19
  Number of jumpers:           8
  Number of static variables:  15


MATRIX OF COVARIANCE OF EXOGENOUS SHOCKS
Variables       eta_a     eta_g     eta_c     eta_m     eta_i     eta_r     eta_t     eta_p     eta_e    eta_mh
eta_a        0.000000  0.000000  0.000000  0.000000  0.000000  0.000000  0.000000  0.000000  0.000000  0.000000
eta_g        0.000000  0.000000  0.000000  0.000000  0.000000  0.000000  0.000000  0.000000  0.000000  0.000000
eta_c        0.000000  0.000000  0.000000  0.000000  0.000000  0.000000  0.000000  0.000000  0.000000  0.000000
eta_m        0.000000  0.000000  0.000000  0.000000  0.000000  0.000000  0.000000  0.000000  0.000000  0.000000
eta_i        0.000000  0.000000  0.000000  0.000000  0.000000  0.000000  0.000000  0.000000  0.000000  0.000000
eta_r        0.000000  0.000000  0.000000  0.000000  0.000000  0.000000  0.000000  0.000000  0.000000  0.000000
eta_t        0.000000  0.000000  0.000000  0.000000  0.000000  0.000000  1.000000  0.000000  0.000000  0.000000
eta_p        0.000000  0.000000  0.000000  0.000000  0.000000  0.000000  0.000000  0.000000  0.000000  0.000000
eta_e        0.000000  0.000000  0.000000  0.000000  0.000000  0.000000  0.000000  0.000000  0.000000  0.000000
eta_mh       0.000000  0.000000  0.000000  0.000000  0.000000  0.000000  0.000000  0.000000  0.000000  0.000000

POLICY AND TRANSITION FUNCTIONS
                                  rr               c             c_E             c_H               h               w               y               k               i               l            lb_E           phi_E              mc              pi               r            lb_H               q          varrho             tau              mu               e               g          gy_obs          gc_obs          gi_obs          pi_obs           r_obs           l_obs         co2_obs             e_a             e_g             e_c             e_m             e_i             e_r             e_t             e_p             e_e            e_mh
Constant                    1.007049       13.795589        2.506510       11.289080        0.333333       44.345544       25.000000      197.012580        4.925315      195.423077        1.329871        0.013092        0.900000        1.005000        1.012085        0.295271        1.000000        0.844688        0.100000        0.506471        1.296268        5.000000               0               0               0               0               0               0               0        1.000000        1.000000        1.000000        1.000000        1.000000        1.000000        1.000000        1.000000        1.000000        1.000000
c(-1)                              0               0               0               0               0               0               0               0               0               0               0               0               0               0               0               0               0               0               0               0               0               0               0       -0.072487               0               0               0               0               0               0               0               0               0               0               0               0               0               0               0
c_E(-1)                     0.000063        0.008462        0.008715       -0.000254        0.000013       -0.001642        0.000662       -0.007877       -0.007877       -0.008394        1.222576        0.905751        0.000745        0.000044        0.000013        0.000022       -0.007346        0.000743               0        0.000007        0.000010               0        0.000026        0.000613       -0.001599        0.000044        0.000013       -0.000043        0.000008               0               0               0               0               0               0               0               0               0               0
c_H(-1)                    -0.000495        0.388291       -0.285925        0.674217        0.007854        0.707261        0.412333       -0.024480       -0.024480       -0.942659        0.505675        0.407183        0.020835        0.004357        0.001316        0.002248       -0.007148        0.019786               0        0.004177        0.006134               0        0.016493        0.028146       -0.004970        0.004357        0.001316       -0.004824        0.004732               0               0               0               0               0               0               0               0               0               0
k(-1)                       0.000664        0.287815        0.290234       -0.002419        0.005309        0.674679        0.316817        0.966720       -0.008280        0.092081       -0.513295       -0.505694        0.015980        0.001895        0.000573        0.000211       -0.000137        0.015174               0        0.003209        0.004713               0        0.012673        0.020863       -0.001681        0.001895        0.000573        0.000471        0.003636               0               0               0               0               0               0               0               0               0               0
l(-1)                      -0.000677       -0.353885       -0.367041        0.013156       -0.007503       -0.825934       -0.393917        0.006323        0.006323        0.956920        0.649133        0.645805       -0.021892       -0.002919       -0.000882       -0.001147       -0.000808       -0.020891               0       -0.003990       -0.005860               0       -0.015757       -0.025652        0.001284       -0.002919       -0.000882       -0.000220       -0.004520               0               0               0               0               0               0               0               0               0               0
r(-1)                       0.526539     -259.132778     -260.753503        1.620724       -5.591627     -722.669506     -293.560395        0.117652        0.117652      263.945097      461.157118      472.536660      -18.363324       -2.861816       -0.064597       -0.141302       -2.814376      -17.617035               0       -2.973597       -4.366815               0      -11.742416      -18.783741        0.023887       -2.861816       -0.064597        1.350634       -3.368761               0               0               0               0               0               0               0               0               0               0
e(-1)                              0               0               0               0               0               0               0               0               0               0               0               0               0               0               0               0               0               0               0               0               0               0               0               0               0               0               0               0       -0.771446               0               0               0               0               0               0               0               0               0               0
e_a(-1)                     0.060000       29.713522       27.949699        1.763823        0.237316       54.667159       36.209112        2.234615        2.234615       26.923086      -49.430602      -42.891546        0.475073        0.000578        0.000175       -0.153778        0.494289        0.383022               0        0.366777        0.538623               0        1.448364        2.153842        0.453700        0.000578        0.000175        0.137768        0.415519        0.950000               0               0               0               0               0               0               0               0               0
e_g(-1)                    -0.007175       -0.489213        0.045000       -0.534213        0.087284        4.616997        4.582402       -0.217628       -0.217628       -6.453709       -0.079584       -0.578998        0.165459        0.039089        0.011809        0.046575       -0.019677        0.153810               0        0.046417        0.068165        4.750000        0.183296       -0.035462       -0.044186        0.039089        0.011809       -0.033024        0.052585               0        0.950000               0               0               0               0               0               0               0               0
e_c(-1)                    -0.012393        5.818955        3.641078        2.177877        0.120073        2.362863        6.303851       -0.256921       -0.256921       -4.487210       -5.176073       -6.366526        0.146938        0.043055        0.013007        0.090629        0.038312        0.130912               0        0.063854        0.093772               0        0.252154        0.421798       -0.052163        0.043055        0.013007       -0.022962        0.072340               0               0        0.950000               0               0               0               0               0               0               0
e_m(-1)                     0.158273       63.545953       64.974377       -1.428424        1.361385      162.410345       71.472697       -0.483939       -0.483939       13.866593     -114.910811     -123.039229        4.206291        0.521783        0.157638        0.124537        0.203966        4.024593               0        0.723977        1.063182               0        2.858908        4.606252       -0.098256        0.521783        0.157638        0.070957        0.820187               0               0               0        0.950000               0               0               0               0               0               0
e_r(-1)                     0.341194     -152.726319     -152.124304       -0.602014       -3.322751     -449.930273     -174.444402       -1.190012       -1.190012       76.226962      269.040320      280.529647      -11.302747       -1.905870       -0.170958        0.052486       -2.077748      -10.859275               0       -1.767021       -2.594922               0       -6.977776      -11.070663       -0.241611       -1.905870       -0.170958        0.390061       -2.001842               0               0               0               0               0        0.400000               0               0               0               0
e_t(-1)                     0.001236       -0.753078       -0.733804       -0.019274        0.001252       -0.085823        0.065725       -0.020344       -0.020344       -0.784790        1.297773        1.196825        0.034347        0.004339        0.001311        0.001680       -0.013880        0.000328        0.040000        0.127284       -0.331587               0        0.002629       -0.054588       -0.004131        0.004339        0.001311       -0.004016       -0.255802               0               0               0               0               0               0        0.400000               0               0               0
e_p(-1)                            0               0               0               0               0               0               0               0               0               0               0               0               0               0               0               0               0               0               0               0               0               0               0               0               0               0               0               0               0               0               0               0               0               0               0               0        0.900000               0               0
e_e(-1)                     0.000193       -0.089920       -0.099037        0.009117       -0.001841       -0.125539       -0.096653        0.004641        0.004641        0.172198        0.175153        0.111654       -0.003942       -0.000961       -0.000290       -0.000795       -0.000225       -0.003697               0       -0.000979        1.165203               0       -0.003866       -0.006518        0.000942       -0.000961       -0.000290        0.000881        0.898891               0               0               0               0               0               0               0               0        0.900000               0
e_mh(-1)                   -0.000013       -0.003999       -0.004051        0.000052       -0.000086       -0.010765       -0.004515        0.000015        0.000015       -0.001888        0.007164        0.008039       -0.000265       -0.000028       -0.000009       -0.000005       -0.000011       -0.000254               0       -0.000046       -0.000067               0       -0.000181       -0.000290        0.000003       -0.000028       -0.000009       -0.000010       -0.000052               0               0               0               0               0               0               0               0               0        0.900000
y(-1)                              0               0               0               0               0               0               0               0               0               0               0               0               0               0               0               0               0               0               0               0               0               0       -0.040000               0               0               0               0               0               0               0               0               0               0               0               0               0               0               0               0
i(-1)                      -0.002856       -0.957706       -0.954780       -0.002926       -0.002489       -0.369425       -0.130664        0.842418        0.842418       -0.729073        1.688581        1.476634       -0.008014        0.002545        0.000769        0.000255       -0.019217       -0.007682               0       -0.001324       -0.001944               0       -0.005227       -0.069421       -0.031994        0.002545        0.000769       -0.003731       -0.001499               0               0               0               0               0               0               0               0               0               0
e_i(-1)                    -0.094464      -24.968816      -25.422814        0.453998       -0.481663      -58.134177      -25.287296        7.336299        2.657250      -15.119818       44.961664       45.190180       -1.499616       -0.133333       -0.040282       -0.039582       -0.490157       -1.435330               0       -0.256146       -0.376157               0       -1.011492       -1.809913        0.539509       -0.133333       -0.040282       -0.077370       -0.290185               0               0               0               0        0.950000               0               0               0               0               0
eta_a                       0.063158       31.277392       29.420736        1.856656        0.249807       57.544378       38.114854        2.352226        2.352226       28.340090      -52.032213      -45.148996        0.500077        0.000609        0.000184       -0.161872        0.520304        0.403181               0        0.386081        0.566972               0        1.524594        2.267202        0.477579        0.000609        0.000184        0.145019        0.437388        1.000000               0               0               0               0               0               0               0               0               0
eta_g                      -0.007552       -0.514961        0.047368       -0.562330        0.091878        4.859997        4.823581       -0.229082       -0.229082       -6.793378       -0.083773       -0.609472        0.174168        0.041146        0.012431        0.049027       -0.020712        0.161905               0        0.048860        0.071752        5.000000        0.192943       -0.037328       -0.046511        0.041146        0.012431       -0.034762        0.055353               0        1.000000               0               0               0               0               0               0               0               0
eta_c                      -0.013046        6.125215        3.832714        2.292502        0.126393        2.487224        6.635633       -0.270443       -0.270443       -4.723379       -5.448497       -6.701607        0.154671        0.045321        0.013692        0.095399        0.040328        0.137802               0        0.067215        0.098707               0        0.265425        0.443998       -0.054909        0.045321        0.013692       -0.024170        0.076147               0               0        1.000000               0               0               0               0               0               0               0
eta_m                       0.166603       66.890477       68.394081       -1.503604        1.433037      170.958257       75.234418       -0.509410       -0.509410       14.596414     -120.958748     -129.514978        4.427675        0.549245        0.165935        0.131091        0.214701        4.236414               0        0.762081        1.119139               0        3.009377        4.848686       -0.103427        0.549245        0.165935        0.074691        0.863355               0               0               0        1.000000               0               0               0               0               0               0
eta_i                      -0.099436      -26.282964      -26.760856        0.477892       -0.507013      -61.193870      -26.618206        7.722420        2.797105      -15.915597       47.328067       47.568610       -1.578543       -0.140350       -0.042402       -0.041665       -0.515955       -1.510874               0       -0.269627       -0.395955               0       -1.064728       -1.905172        0.567904       -0.140350       -0.042402       -0.081442       -0.305458               0               0               0               0        1.000000               0               0               0               0               0
eta_r                       0.852985     -381.815797     -380.310761       -1.505036       -8.306876    -1124.825683     -436.111005       -2.975029       -2.975029      190.567405      672.600799      701.324117      -28.256868       -4.764674       -0.427394        0.131216       -5.194371      -27.148187               0       -4.417552       -6.487306               0      -17.444440      -27.676658       -0.604028       -4.764674       -0.427394        0.975153       -5.004604               0               0               0               0               0        1.000000               0               0               0               0
eta_t                       0.003090       -1.882694       -1.834509       -0.048185        0.003130       -0.214558        0.164313       -0.050861       -0.050861       -1.961975        3.244431        2.992062        0.085866        0.010847        0.003277        0.004201       -0.034701        0.000820        0.100000        0.318209       -0.828968               0        0.006573       -0.136471       -0.010326        0.010847        0.003277       -0.010040       -0.639504               0               0               0               0               0               0        1.000000               0               0               0
eta_p                              0               0               0               0               0               0               0               0               0               0               0               0               0               0               0               0               0               0               0               0               0               0               0               0               0               0               0               0               0               0               0               0               0               0               0               0        1.000000               0               0
eta_e                       0.000214       -0.099911       -0.110041        0.010130       -0.002046       -0.139488       -0.107392        0.005157        0.005157        0.191331        0.194614        0.124060       -0.004380       -0.001068       -0.000323       -0.000883       -0.000250       -0.004107               0       -0.001088        1.294670               0       -0.004296       -0.007242        0.001047       -0.001068       -0.000323        0.000979        0.998768               0               0               0               0               0               0               0               0        1.000000               0
eta_mh                     -0.000015       -0.004443       -0.004501        0.000057       -0.000096       -0.011961       -0.005017        0.000017        0.000017       -0.002098        0.007960        0.008932       -0.000295       -0.000032       -0.000010       -0.000005       -0.000012       -0.000282               0       -0.000051       -0.000075               0       -0.000201       -0.000322        0.000003       -0.000032       -0.000010       -0.000011       -0.000058               0               0               0               0               0               0               0               0               0        1.000000


THEORETICAL MOMENTS
VARIABLE         MEAN  STD. DEV.   VARIANCE
rr             1.0070     0.0066     0.0000
c             13.7956     2.1366     4.5651
c_E            2.5065     2.0455     4.1841
c_H           11.2891     0.1560     0.0243
h              0.3333     0.0056     0.0000
w             44.3455     1.2344     1.5237
y             25.0000     0.3068     0.0941
k            197.0126     1.5687     2.4608
i              4.9253     0.1375     0.0189
l            195.4231     3.2006    10.2437
lb_E           1.3299     3.3798    11.4227
phi_E          0.0131     3.0098     9.0588
mc             0.9000     0.0873     0.0076
pi             1.0050     0.0112     0.0001
r              1.0121     0.0046     0.0000
lb_H           0.2953     0.0059     0.0000
q              1.0000     0.0357     0.0013
varrho         0.8447     0.0265     0.0007
tau            0.1000     0.1091     0.0119
mu             0.5065     0.3460     0.1197
e              1.2963     0.9062     0.8212
g              5.0000     0.0000     0.0000
gy_obs         0.0000     0.0145     0.0002
gc_obs         0.0000     0.1591     0.0253
gi_obs         0.0000     0.0111     0.0001
pi_obs         0.0000     0.0112     0.0001
r_obs          0.0000     0.0046     0.0000
l_obs          0.0000     0.0109     0.0001
co2_obs        0.0000     0.7633     0.5826
e_a            1.0000     0.0000     0.0000
e_g            1.0000     0.0000     0.0000
e_c            1.0000     0.0000     0.0000
e_m            1.0000     0.0000     0.0000
e_i            1.0000     0.0000     0.0000
e_r            1.0000     0.0000     0.0000
e_t            1.0000     1.0911     1.1905
e_p            1.0000     0.0000     0.0000
e_e            1.0000     0.0000     0.0000
e_mh           1.0000     0.0000     0.0000



VARIANCE DECOMPOSITION (in percent)
            eta_a   eta_g   eta_c   eta_m   eta_i   eta_r   eta_t   eta_p   eta_e  eta_mh
rr           0.00    0.00    0.00    0.00    0.00    0.00  100.00    0.00    0.00    0.00
c            0.00    0.00    0.00    0.00    0.00    0.00  100.00    0.00    0.00    0.00
c_E          0.00    0.00    0.00    0.00    0.00    0.00  100.00    0.00    0.00    0.00
c_H          0.00    0.00    0.00    0.00    0.00    0.00  100.00    0.00    0.00    0.00
h            0.00    0.00    0.00    0.00    0.00    0.00  100.00    0.00    0.00    0.00
w            0.00    0.00    0.00    0.00    0.00    0.00  100.00    0.00    0.00    0.00
y            0.00    0.00    0.00    0.00    0.00    0.00  100.00    0.00    0.00    0.00
k            0.00    0.00    0.00    0.00    0.00    0.00  100.00    0.00    0.00    0.00
i            0.00    0.00    0.00    0.00    0.00    0.00  100.00    0.00    0.00    0.00
l            0.00    0.00    0.00    0.00    0.00    0.00  100.00    0.00    0.00    0.00
lb_E         0.00    0.00    0.00    0.00    0.00    0.00  100.00    0.00    0.00    0.00
phi_E        0.00    0.00    0.00    0.00    0.00    0.00  100.00    0.00    0.00    0.00
mc           0.00    0.00    0.00    0.00    0.00    0.00  100.00    0.00    0.00    0.00
pi           0.00    0.00    0.00    0.00    0.00    0.00  100.00    0.00    0.00    0.00
r            0.00    0.00    0.00    0.00    0.00    0.00  100.00    0.00    0.00    0.00
lb_H         0.00    0.00    0.00    0.00    0.00    0.00  100.00    0.00    0.00    0.00
q            0.00    0.00    0.00    0.00    0.00    0.00  100.00    0.00    0.00    0.00
varrho       0.00    0.00    0.00    0.00    0.00    0.00  100.00    0.00    0.00    0.00
tau          0.00    0.00    0.00    0.00    0.00    0.00  100.00    0.00    0.00    0.00
mu           0.00    0.00    0.00    0.00    0.00    0.00  100.00    0.00    0.00    0.00
e            0.00    0.00    0.00    0.00    0.00    0.00  100.00    0.00    0.00    0.00
g            0.00    0.00    0.00    0.00    0.00    0.00  100.00    0.00    0.00    0.00
gy_obs       0.00    0.00    0.00    0.00    0.00    0.00  100.00    0.00    0.00    0.00
gc_obs       0.00    0.00    0.00    0.00    0.00    0.00  100.00    0.00    0.00    0.00
gi_obs       0.00    0.00    0.00    0.00    0.00    0.00  100.00    0.00    0.00    0.00
pi_obs       0.00    0.00    0.00    0.00    0.00    0.00  100.00    0.00    0.00    0.00
r_obs        0.00    0.00    0.00    0.00    0.00    0.00  100.00    0.00    0.00    0.00
l_obs        0.00    0.00    0.00    0.00    0.00    0.00  100.00    0.00    0.00    0.00
co2_obs      0.00    0.00    0.00    0.00    0.00    0.00  100.00    0.00    0.00    0.00
e_a          0.00    0.00    0.00    0.00    0.00    0.00  100.00    0.00    0.00    0.00
e_g          0.00    0.00    0.00    0.00    0.00    0.00  100.00    0.00    0.00    0.00
e_c          0.00    0.00    0.00    0.00    0.00    0.00  100.00    0.00    0.00    0.00
e_m          0.00    0.00    0.00    0.00    0.00    0.00  100.00    0.00    0.00    0.00
e_i          0.00    0.00    0.00    0.00    0.00    0.00  100.00    0.00    0.00    0.00
e_r         -0.00   -0.00   -0.00   -0.00   -0.00   -0.00  100.00   -0.00   -0.00   -0.00
e_t          0.00    0.00    0.00    0.00    0.00    0.00  100.00    0.00    0.00    0.00
e_p          0.00    0.00    0.00    0.00    0.00    0.00  100.00    0.00    0.00    0.00
e_e          0.00    0.00    0.00    0.00    0.00    0.00  100.00    0.00    0.00    0.00
e_mh         0.00    0.00    0.00    0.00    0.00    0.00  100.00    0.00    0.00    0.00



MATRIX OF CORRELATIONS
Variables         rr        c      c_E      c_H        h        w        y        k        i        l     lb_E    phi_E       mc       pi        r     lb_H        q   varrho      tau       mu        e   gy_obs   gc_obs   gi_obs   pi_obs    r_obs    l_obs  co2_obs      e_t
rr            1.0000  -0.8136  -0.7840  -0.8638  -0.4425  -0.9422  -0.4456  -0.1873  -0.8508  -0.8946   0.2093   0.3736   0.5436   0.3394   0.9499   0.9356  -0.6520  -0.8631   0.7649   0.7595  -0.7680  -0.2983   0.0377  -0.4822   0.3394   0.9499  -0.1352   0.0598   0.7649
c            -0.8136   1.0000   0.9982   0.6079  -0.1505   0.5922  -0.1320   0.1151   0.6355   0.8620  -0.7147  -0.8263  -0.9288  -0.8217  -0.9509  -0.9453   0.9613   0.4178  -0.9964  -0.9957   0.9968  -0.0445   0.5137   0.8660  -0.8217  -0.9509   0.6852   0.4805  -0.9964
c_E          -0.7840   0.9982   1.0000   0.5587  -0.1985   0.5495  -0.1848   0.0767   0.5935   0.8343  -0.7401  -0.8462  -0.9450  -0.8481  -0.9351  -0.9262   0.9702   0.3730  -0.9984  -0.9982   0.9985  -0.0575   0.5451   0.8920  -0.8481  -0.9351   0.7199   0.5106  -0.9984
c_H          -0.8638   0.6079   0.5587   1.0000   0.5417   0.9058   0.6154   0.5694   0.9217   0.8672  -0.0851  -0.2210  -0.3296  -0.1330  -0.7615  -0.8025   0.4445   0.8320  -0.5552  -0.5486   0.5589   0.1453  -0.1122   0.1643  -0.1330  -0.7615  -0.0546  -0.1139  -0.5552
h            -0.4425  -0.1505  -0.1985   0.5417   1.0000   0.6982   0.9812   0.1707   0.5132   0.1927   0.7533   0.6429   0.5023   0.6846  -0.1440  -0.1331  -0.3823   0.8325   0.2277   0.2361  -0.2230   0.6259  -0.8683  -0.5463   0.6846  -0.1440  -0.8140  -0.8603   0.2277
w            -0.9422   0.5922   0.5495   0.9058   0.6982   1.0000   0.7157   0.3164   0.8570   0.8161   0.1015  -0.0674  -0.2528  -0.0298  -0.8022  -0.8024   0.3740   0.9748  -0.5245  -0.5170   0.5286   0.4648  -0.3377   0.1696  -0.0298  -0.8022  -0.1770  -0.3536  -0.5245
y            -0.4456  -0.1320  -0.1848   0.6154   0.9812   0.7157   1.0000   0.3572   0.5381   0.2741   0.7262   0.6174   0.4835   0.6626  -0.1577  -0.1730  -0.3695   0.8281   0.2111   0.2197  -0.2063   0.5920  -0.8404  -0.5621   0.6626  -0.1577  -0.7942  -0.8317   0.2111
k            -0.1873   0.1151   0.0767   0.5694   0.1707   0.3164   0.3572   1.0000   0.3255   0.5156   0.0160  -0.0116  -0.0171   0.0238  -0.1657  -0.2957   0.0231   0.2313  -0.0855  -0.0821   0.0874  -0.0243  -0.0547  -0.1818   0.0238  -0.1657  -0.0779  -0.0496  -0.0855
i            -0.8508   0.6355   0.5935   0.9217   0.5132   0.8570   0.5381   0.3255   1.0000   0.7528  -0.1555  -0.2864  -0.3830  -0.1875  -0.7494  -0.7588   0.4932   0.7974  -0.5951  -0.5891   0.5984   0.0915  -0.0381   0.1995  -0.1875  -0.7494   0.0187  -0.0407  -0.5951
l            -0.8946   0.8620   0.8343   0.8672   0.1927   0.8161   0.2741   0.5156   0.7528   1.0000  -0.3976  -0.5349  -0.6676  -0.5123  -0.9293  -0.9692   0.7344   0.6692  -0.8251  -0.8210   0.8273   0.1324   0.1779   0.5575  -0.5123  -0.9293   0.3338   0.1538  -0.8251
lb_E          0.2093  -0.7147  -0.7401  -0.0851   0.7533   0.1015   0.7262   0.0160  -0.1555  -0.3976   1.0000   0.9845   0.9127   0.9624   0.4801   0.4875  -0.8715   0.3032   0.7695   0.7745  -0.7666   0.6248  -0.9672  -0.8669   0.9624   0.4801  -0.9648  -0.9550   0.7695
phi_E         0.3736  -0.8263  -0.8462  -0.2210   0.6429  -0.0674   0.6174  -0.0116  -0.2864  -0.5349   0.9845   1.0000   0.9675   0.9803   0.6253   0.6292  -0.9432   0.1382   0.8695   0.8734  -0.8673   0.5162  -0.9076  -0.9153   0.9803   0.6253  -0.9478  -0.8898   0.8695
mc            0.5436  -0.9288  -0.9450  -0.3296   0.5023  -0.2528   0.4835  -0.0171  -0.3830  -0.6676   0.9127   0.9675   1.0000   0.9736   0.7721   0.7687  -0.9848  -0.0523   0.9560   0.9584  -0.9545   0.2900  -0.7818  -0.9549   0.9736   0.7721  -0.9047  -0.7509   0.9560
pi            0.3394  -0.8217  -0.8481  -0.1330   0.6846  -0.0298   0.6626   0.0238  -0.1875  -0.5123   0.9624   0.9803   0.9736   1.0000   0.6109   0.6120  -0.9262   0.1743   0.8645   0.8688  -0.8621   0.3941  -0.8814  -0.9437   1.0000   0.6109  -0.9772  -0.8520   0.8645
r             0.9499  -0.9509  -0.9351  -0.7615  -0.1440  -0.8022  -0.1577  -0.1657  -0.7494  -0.9293   0.4801   0.6253   0.7721   0.6109   1.0000   0.9906  -0.8452  -0.6677   0.9224   0.9192  -0.9242  -0.1468  -0.2443  -0.7193   0.6109   1.0000  -0.4307  -0.2145   0.9224
lb_H          0.9356  -0.9453  -0.9262  -0.8025  -0.1331  -0.8024  -0.1730  -0.2957  -0.7588  -0.9692   0.4875   0.6292   0.7687   0.6120   0.9906   1.0000  -0.8364  -0.6557   0.9159   0.9126  -0.9178  -0.1218  -0.2563  -0.6902   0.6120   0.9906  -0.4336  -0.2276   0.9159
q            -0.6520   0.9613   0.9702   0.4445  -0.3823   0.3740  -0.3695   0.0231   0.4932   0.7344  -0.8715  -0.9432  -0.9848  -0.9262  -0.8452  -0.8364   1.0000   0.1818  -0.9797  -0.9811   0.9789  -0.2824   0.7199   0.9408  -0.9262  -0.8452   0.8290   0.6948  -0.9797
varrho       -0.8631   0.4178   0.3730   0.8320   0.8325   0.9748   0.8281   0.2313   0.7974   0.6692   0.3032   0.1382  -0.0523   0.1743  -0.6677  -0.6557   0.1818   1.0000  -0.3432  -0.3351   0.3477   0.5653  -0.5224  -0.0093   0.1743  -0.6677  -0.3726  -0.5339  -0.3432
tau           0.7649  -0.9964  -0.9984  -0.5552   0.2277  -0.5245   0.2111  -0.0855  -0.5951  -0.8251   0.7695   0.8695   0.9560   0.8645   0.9224   0.9159  -0.9797  -0.3432   1.0000   1.0000  -1.0000   0.1070  -0.5819  -0.8950   0.8645   0.9224  -0.7414  -0.5495   1.0000
mu            0.7595  -0.9957  -0.9982  -0.5486   0.2361  -0.5170   0.2197  -0.0821  -0.5891  -0.8210   0.7745   0.8734   0.9584   0.8688   0.9192   0.9126  -0.9811  -0.3351   1.0000   1.0000  -0.9999   0.1121  -0.5884  -0.8983   0.8688   0.9192  -0.7471  -0.5559   1.0000
e            -0.7680   0.9968   0.9985   0.5589  -0.2230   0.5286  -0.2063   0.0874   0.5984   0.8273  -0.7666  -0.8673  -0.9545  -0.8621  -0.9242  -0.9178   0.9789   0.3477  -1.0000  -0.9999   1.0000  -0.1041   0.5783   0.8931  -0.8621  -0.9242   0.7382   0.5459  -1.0000
gy_obs       -0.2983  -0.0445  -0.0575   0.1453   0.6259   0.4648   0.5920  -0.0243   0.0915   0.1324   0.6248   0.5162   0.2900   0.3941  -0.1468  -0.1218  -0.2824   0.5653   0.1070   0.1121  -0.1041   1.0000  -0.7531  -0.2454   0.3941  -0.1468  -0.4726  -0.7979   0.1070
gc_obs        0.0377   0.5137   0.5451  -0.1122  -0.8683  -0.3377  -0.8404  -0.0547  -0.0381   0.1779  -0.9672  -0.9076  -0.7818  -0.8814  -0.2443  -0.2563   0.7199  -0.5224  -0.5819  -0.5884   0.5783  -0.7531   1.0000   0.7475  -0.8814  -0.2443   0.9334   0.9974  -0.5819
gi_obs       -0.4822   0.8660   0.8920   0.1643  -0.5463   0.1696  -0.5621  -0.1818   0.1995   0.5575  -0.8669  -0.9153  -0.9549  -0.9437  -0.7193  -0.6902   0.9408  -0.0093  -0.8950  -0.8983   0.8931  -0.2454   0.7475   1.0000  -0.9437  -0.7193   0.8818   0.7159  -0.8950
pi_obs        0.3394  -0.8217  -0.8481  -0.1330   0.6846  -0.0298   0.6626   0.0238  -0.1875  -0.5123   0.9624   0.9803   0.9736   1.0000   0.6109   0.6120  -0.9262   0.1743   0.8645   0.8688  -0.8621   0.3941  -0.8814  -0.9437   1.0000   0.6109  -0.9772  -0.8520   0.8645
r_obs         0.9499  -0.9509  -0.9351  -0.7615  -0.1440  -0.8022  -0.1577  -0.1657  -0.7494  -0.9293   0.4801   0.6253   0.7721   0.6109   1.0000   0.9906  -0.8452  -0.6677   0.9224   0.9192  -0.9242  -0.1468  -0.2443  -0.7193   0.6109   1.0000  -0.4307  -0.2145   0.9224
l_obs        -0.1352   0.6852   0.7199  -0.0546  -0.8140  -0.1770  -0.7942  -0.0779   0.0187   0.3338  -0.9648  -0.9478  -0.9047  -0.9772  -0.4307  -0.4336   0.8290  -0.3726  -0.7414  -0.7471   0.7382  -0.4726   0.9334   0.8818  -0.9772  -0.4307   1.0000   0.9065  -0.7414
co2_obs       0.0598   0.4805   0.5106  -0.1139  -0.8603  -0.3536  -0.8317  -0.0496  -0.0407   0.1538  -0.9550  -0.8898  -0.7509  -0.8520  -0.2145  -0.2276   0.6948  -0.5339  -0.5495  -0.5559   0.5459  -0.7979   0.9974   0.7159  -0.8520  -0.2145   0.9065   1.0000  -0.5495
e_t           0.7649  -0.9964  -0.9984  -0.5552   0.2277  -0.5245   0.2111  -0.0855  -0.5951  -0.8251   0.7695   0.8695   0.9560   0.8645   0.9224   0.9159  -0.9797  -0.3432   1.0000   1.0000  -1.0000   0.1070  -0.5819  -0.8950   0.8645   0.9224  -0.7414  -0.5495   1.0000



COEFFICIENTS OF AUTOCORRELATION
Order            1        2        3        4        5
rr          0.8237   0.5174   0.2816   0.1308   0.0435
c           0.4723   0.2061   0.0860   0.0353   0.0150
c_E         0.4408   0.1652   0.0475   0.0035  -0.0096
c_H         0.9282   0.7861   0.6318   0.4957   0.3888
h           0.2377   0.0871   0.0555   0.0404   0.0263
w           0.7889   0.5006   0.3050   0.1897   0.1245
y           0.2992   0.1585   0.1275   0.1118   0.0972
k           0.9964   0.9862   0.9702   0.9497   0.9255
i           0.9204   0.8008   0.6675   0.5369   0.4182
l           0.7771   0.5451   0.3862   0.2954   0.2519
lb_E       -0.1819  -0.1096  -0.0542  -0.0245  -0.0103
phi_E      -0.0760  -0.0550  -0.0292  -0.0138  -0.0061
mc          0.1631  -0.0204  -0.0473  -0.0398  -0.0279
pi          0.0536  -0.1191  -0.1165  -0.0837  -0.0540
r           0.6960   0.3915   0.1850   0.0643   0.0020
lb_H        0.6973   0.4162   0.2317   0.1272   0.0755
q           0.2131   0.1195   0.0527   0.0093  -0.0158
varrho      0.6635   0.3946   0.2280   0.1308   0.0741
tau         0.4000   0.1600   0.0640   0.0256   0.0102
mu          0.3930   0.1543   0.0601   0.0229   0.0082
e           0.4039   0.1632   0.0662   0.0271   0.0114
gy_obs     -0.3996  -0.0783  -0.0110  -0.0007  -0.0007
gc_obs     -0.2478  -0.1385  -0.0657  -0.0288  -0.0120
gi_obs      0.2516   0.0863  -0.0174  -0.0747  -0.0997
pi_obs      0.0536  -0.1191  -0.1165  -0.0837  -0.0540
r_obs       0.6960   0.3915   0.1850   0.0643   0.0020
l_obs       0.0203  -0.1637  -0.1530  -0.1061  -0.0638
co2_obs    -0.2980  -0.1206  -0.0486  -0.0195  -0.0078
e_t         0.4000   0.1600   0.0640   0.0256   0.0102
Total computing time : 0h00m00s
Note: warning(s) encountered in MATLAB/Octave code
