Starting Dynare (version 6.3).
Calling Dynare with arguments: none
Starting preprocessing of the model file ... 
WARNING: in the 'steady_state_model' block, variable 'g' is declared twice 
Found 39 equation(s). 
Evaluating expressions... 
Computing static model derivatives (order 1). 
Normalizing the static model... 
Finding the optimal block decomposition of the static model... 
16 block(s) found: 
  15 recursive block(s) and 1 simultaneous block(s). 
  the largest simultaneous block has 18 equation(s) 
                                 and 18 feedback variable(s). 
Computing dynamic model derivatives (order 2). 
Normalizing the dynamic model... 
Finding the optimal block decomposition of the dynamic model... 
13 block(s) found: 
  12 recursive block(s) and 1 simultaneous block(s). 
  the largest simultaneous block has 21 equation(s) 
                                 and 19 feedback variable(s). 
Preprocessing completed. 
Preprocessing time: 0h00m00s.


Residuals of the static equations:
Equation number  1: marginal utility of consumption :       0.000000
Equation number  2: Euler                           :       0.000000
Equation number  3: Labor Supply                    :       0.000000
Equation number  4: FOC i                           :       0.000000
Equation number  5: technology                      :       0.000000
Equation number  6: Borrowing constraint            :       0.000000
Equation number  7: Capital law of motion           :       0.000000
Equation number  8: FOC c                           :       0.000000
Equation number  9: FOC l                           :       0.000000
Equation number 10: FOC k                           :       0.000000
Equation number 11: FOC h                           :       0.000000
Equation number 12: NKPC                            :       0.000000
Equation number 13: FOC y                           :       0.000000
Equation number 14: FOC mu                          :       0.000000
Equation number 15: balance sheet                   :       0.000000
Equation number 16: Resources Constraint            :       0.000000
Equation number 17: Total consumption               :       0.000000
Equation number 18: Total emissions                 :       0.000000
Equation number 19: Fisherian equation              :       0.000000
Equation number 20: Monetary Policy rule            :       0.000000
Equation number 21: Public spending                 :       0.000000
Equation number 22: Carbon tax                      :       0.000000
Equation number 23: measurement GDP                 :       0.000000
Equation number 24: measurement consumption         :       0.000000
Equation number 25: measurement investment          :       0.000000
Equation number 26: measurement inflation           :       0.000000
Equation number 27: measurement interest rate       :       0.000000
Equation number 28: measurement corporate loans     :       0.000000
Equation number 29: measurement corporate loans     :       0.000000
Equation number 30: shocks                          :       0.000000
Equation number 31: 31                              :       0.000000
Equation number 32: 32                              :       0.000000
Equation number 33: 33                              :       0.000000
Equation number 34: 34                              :       0.000000
Equation number 35: 35                              :       0.000000
Equation number 36: 36                              :       0.000000
Equation number 37: 37                              :       0.000000
Equation number 38: 38                              :       0.000000
Equation number 39: 39                              :       0.000000


[Warning: Some of the parameters have no value (chi, A) when using steady. If these parameters are not initialized in
a steadystate file or a steady_state_model-block, Dynare may not be able to solve the model. Note that simul,
perfect_foresight_setup, and perfect_foresight_solver do not automatically call the steady state file.] 

STEADY-STATE RESULTS:

rr      		 1.002
c       		 1.35878
c_E     		 0.32166
c_H     		 1.03712
h       		 0.333333
w       		 4.45864
y       		 2.4
k       		 20.7752
i       		 0.519381
l       		 16.4383
lb_E    		 8.18124
phi_E   		 0.0180361
mc      		 0.9
pi      		 1.005
r       		 1.00701
lb_H    		 2.53738
q       		 1
varrho  		 0.886246
tau     		 0.1
mu      		 0.156924
e       		 0.339677
g       		 0.516
gy_obs  		 0
gc_obs  		 0
gi_obs  		 0
pi_obs  		 0
r_obs   		 0
l_obs   		 0
co2_obs 		 0
e_a     		 1
e_g     		 1
e_c     		 1
e_m     		 1
e_i     		 1
e_r     		 1
e_t     		 1
e_p     		 1
e_e     		 1
e_mh    		 1

You did not declare endogenous variables after the estimation/calib_smoother command.

Initial value of the log posterior (or likelihood): 1214.4351

RESULTS FROM POSTERIOR ESTIMATION
parameters
       prior mean     mode    s.d.  prior pstdev

rho_g      0.5000   0.6778  0.1113   beta 0.2000 
rho_p      0.5000   0.5279  0.2008   beta 0.2000 
rho_r      0.5000   0.2343  0.1770   beta 0.2000 
rho_c      0.5000   0.9833  0.0066   beta 0.2000 
rho_i      0.5000   0.2169  0.0661   beta 0.2000 
rho_m      0.5000   0.9733  0.0169   beta 0.2000 
rho_a      0.5000   0.7925  0.0464   beta 0.2000 
rho_t      0.5000   0.4774  0.1858   beta 0.2000 
rho        0.7500   0.9411  0.0104   beta 0.1000 
sigmaC     1.5000   0.7756  0.1794   norm 0.3500 
sigmaL     1.0000   0.3915  0.2727   norm 0.5000 
hh         0.7500   0.6869  0.0251   beta 0.1000 
kappa      4.0000   5.1962  1.0243   gamm 1.5000 
rho_e      0.5000   0.4889  0.1214   beta 0.2000 
rho_mh     0.5000   0.3698  0.2145   beta 0.2000 
mk         0.2000   0.0524  0.0143   beta 0.1000 
mh         0.6000   0.1233  0.0335   norm 0.2000 
theta1     0.3000   0.3506  0.1052   gamm 0.1000 
theta2     2.6000   2.0906  0.4838   gamm 0.5000 
varphi     0.2000   0.0858  0.0419   gamm 0.1000 

standard deviation of shocks
       prior mean     mode    s.d.  prior pstdev

eta_g      0.0100   0.0275  0.0023   invg 2.0000 
eta_p      0.0100   0.0072  0.0039   invg 2.0000 
eta_r      0.0100   0.0016  0.0002   invg 2.0000 
eta_c      0.0100   0.0850  0.0185   invg 2.0000 
eta_i      0.0100   0.1104  0.0270   invg 2.0000 
eta_m      0.0100   0.0122  0.0016   invg 2.0000 
eta_a      0.0100   0.0234  0.0052   invg 2.0000 
eta_t      0.0100   0.0055  0.0016   invg 2.0000 
eta_e      0.0100   0.0203  0.0018   invg 2.0000 
eta_mh     0.0100   0.0068  0.0024   invg 2.0000 


Log data density [Laplace approximation] is 1121.954569.


MODEL SUMMARY

  Number of variables:         39
  Number of stochastic shocks: 10
  Number of state variables:   19
  Number of jumpers:           8
  Number of static variables:  15


MATRIX OF COVARIANCE OF EXOGENOUS SHOCKS
Variables       eta_a     eta_g     eta_c     eta_m     eta_i     eta_r     eta_t     eta_p     eta_e    eta_mh
eta_a        0.000000  0.000000  0.000000  0.000000  0.000000  0.000000  0.000000  0.000000  0.000000  0.000000
eta_g        0.000000  0.000000  0.000000  0.000000  0.000000  0.000000  0.000000  0.000000  0.000000  0.000000
eta_c        0.000000  0.000000  0.000000  0.000000  0.000000  0.000000  0.000000  0.000000  0.000000  0.000000
eta_m        0.000000  0.000000  0.000000  0.000000  0.000000  0.000000  0.000000  0.000000  0.000000  0.000000
eta_i        0.000000  0.000000  0.000000  0.000000  0.000000  0.000000  0.000000  0.000000  0.000000  0.000000
eta_r        0.000000  0.000000  0.000000  0.000000  0.000000  0.000000  0.000000  0.000000  0.000000  0.000000
eta_t        0.000000  0.000000  0.000000  0.000000  0.000000  0.000000  1.000000  0.000000  0.000000  0.000000
eta_p        0.000000  0.000000  0.000000  0.000000  0.000000  0.000000  0.000000  0.000000  0.000000  0.000000
eta_e        0.000000  0.000000  0.000000  0.000000  0.000000  0.000000  0.000000  0.000000  0.000000  0.000000
eta_mh       0.000000  0.000000  0.000000  0.000000  0.000000  0.000000  0.000000  0.000000  0.000000  0.000000

POLICY AND TRANSITION FUNCTIONS
                                   y             c_H             c_E               i              pi               r              mu           phi_E               l               e
Constant                    2.400000        1.006885        0.525484        0.350132        1.005000        1.007014        0.029323        0.018036       -0.168509        0.432195
c_E(-1)                     0.032103       -0.015427        0.180749       -0.133273        0.023221        0.003779        0.000329        2.398622        0.003022        0.005139
c_H(-1)                     0.559049        0.656569       -0.094793       -0.003687        0.037117        0.006416        0.005725        0.741028       -0.066612        0.089483
k(-1)                       0.034920        0.007634        0.026214        0.001012       -0.004272       -0.000665        0.000358       -0.088798       -0.000209        0.005589
l(-1)                      -0.706364       -0.000074       -0.608000       -0.097076        0.007744        0.000729       -0.007234        4.172488        0.125934       -0.113063
r(-1)                       4.954357       -2.092256        5.592056        1.446042       -1.759401        0.660277        0.050739      -27.391464        0.163130        0.793012
e_a(-1)                     1.567089        0.150802        1.112271        0.301322       -0.194497       -0.030289        0.016049       -5.387828       -0.019914        0.250834
e_g(-1)                     0.284015       -0.015160       -0.048949       -0.002108        0.018790        0.003249        0.002909        0.381897       -0.033934        0.045460
e_c(-1)                     0.612583        0.254215        0.284644        0.072672       -0.027978       -0.004070        0.006274       -1.024328       -0.027815        0.098052
e_m(-1)                     0.009486        0.000045        0.008145        0.001280       -0.000109       -0.000011        0.000097       -0.057365        0.011882        0.001518
e_r(-1)                     1.540160       -0.664610        1.739739        0.462383       -0.573877        0.144321        0.015773       -8.242249        0.060831        0.246523
e_t(-1)                    -0.013408       -0.000474       -0.011662       -0.002620        0.000971        0.000147        0.012698        0.060476        0.002320       -0.007861
e_e(-1)                    -0.015637        0.000230       -0.012702       -0.003138       -0.000181       -0.000041       -0.000160        0.061149        0.002288        0.208805
e_mh(-1)                   -0.044691       -0.000865       -0.041243       -0.002506        0.001875        0.000270       -0.000458        0.391941       -0.057468       -0.007153
i(-1)                      -0.006851       -0.000079       -0.663375        0.656615        0.031278        0.005053       -0.000070        2.817714       -0.003463       -0.001097
e_i(-1)                    -0.001503        0.000628       -0.012765        0.010637        0.000519        0.000083       -0.000015        0.055814       -0.000119       -0.000241
eta_a                       1.977334        0.190280        1.403450        0.380205       -0.245414       -0.038218        0.020251       -6.798295       -0.025127        0.316499
eta_g                       0.419026       -0.022367       -0.072217       -0.003110        0.027723        0.004793        0.004291        0.563438       -0.050065        0.067071
eta_c                       0.623000        0.258538        0.289484        0.073907       -0.028454       -0.004139        0.006380       -1.041748       -0.028288        0.099720
eta_m                       0.009746        0.000046        0.008368        0.001315       -0.000112       -0.000011        0.000100       -0.058936        0.012207        0.001560
eta_i                      -0.006930        0.002898       -0.058861        0.049045        0.002391        0.000382       -0.000071        0.257357       -0.000550       -0.001109
eta_r                       6.572534       -2.836180        7.424225        1.973191       -2.448982        0.615882        0.067312      -35.173270        0.259593        1.052023
eta_t                      -0.028087       -0.000994       -0.024430       -0.005489        0.002034        0.000308        0.026600        0.126688        0.004860       -0.016467
eta_e                      -0.031983        0.000469       -0.025980       -0.006418       -0.000369       -0.000083       -0.000328        0.125069        0.004680        0.427075
eta_mh                     -0.120861       -0.002341       -0.111537       -0.006776        0.005070        0.000730       -0.001238        1.059967       -0.155418       -0.019345


THEORETICAL MOMENTS
VARIABLE         MEAN  STD. DEV.   VARIANCE
y              2.4000     0.0345     0.0012
c_H            1.0069     0.0035     0.0000
c_E            0.5255     0.0291     0.0008
i              0.3501     0.0064     0.0000
pi             1.0050     0.0021     0.0000
r              1.0070     0.0004     0.0000
mu             0.0293     0.0302     0.0009
phi_E          0.0180     0.1270     0.0161
l             -0.1685     0.0060     0.0000
e              0.4322     0.0191     0.0004



VARIANCE DECOMPOSITION (in percent)
          eta_a   eta_g   eta_c   eta_m   eta_i   eta_r   eta_t   eta_p   eta_e  eta_mh
y          0.00    0.00    0.00    0.00    0.00    0.00  100.00    0.00    0.00    0.00
c_H        0.00    0.00    0.00    0.00    0.00    0.00  100.00    0.00    0.00    0.00
c_E        0.00    0.00    0.00    0.00    0.00    0.00  100.00    0.00    0.00    0.00
i          0.00    0.00    0.00    0.00    0.00    0.00  100.00    0.00    0.00    0.00
pi         0.00    0.00    0.00    0.00    0.00    0.00  100.00    0.00    0.00    0.00
r          0.00    0.00    0.00    0.00    0.00    0.00  100.00    0.00    0.00    0.00
mu         0.00    0.00    0.00    0.00    0.00    0.00  100.00    0.00    0.00    0.00
phi_E      0.00    0.00    0.00    0.00    0.00    0.00  100.00    0.00    0.00    0.00
l          0.00    0.00    0.00    0.00    0.00    0.00  100.00    0.00    0.00    0.00
e          0.00    0.00    0.00    0.00    0.00    0.00  100.00    0.00    0.00    0.00



MATRIX OF CORRELATIONS
Variables          y      c_H      c_E        i       pi        r       mu    phi_E        l        e
y             1.0000   0.6701   0.9977   0.9821  -0.6493  -0.9789  -0.9900  -0.7854  -0.9993   0.9950
c_H           0.6701   1.0000   0.6205   0.5284  -0.0455  -0.7959  -0.5700  -0.2334  -0.6590   0.6010
c_E           0.9977   0.6205   1.0000   0.9900  -0.6891  -0.9634  -0.9964  -0.8150  -0.9974   0.9989
i             0.9821   0.5284   0.9900   1.0000  -0.7129  -0.9316  -0.9939  -0.8288  -0.9860   0.9924
pi           -0.6493  -0.0455  -0.6891  -0.7129   1.0000   0.5005   0.7417   0.9784   0.6417  -0.7158
r            -0.9789  -0.7959  -0.9634  -0.9316   0.5005   1.0000   0.9422   0.6648   0.9779  -0.9551
mu           -0.9900  -0.5700  -0.9964  -0.9939   0.7417   0.9422   1.0000   0.8566   0.9900  -0.9991
phi_E        -0.7854  -0.2334  -0.8150  -0.8288   0.9784   0.6648   0.8566   1.0000   0.7789  -0.8373
l            -0.9993  -0.6590  -0.9974  -0.9860   0.6417   0.9779   0.9900   0.7789   1.0000  -0.9949
e             0.9950   0.6010   0.9989   0.9924  -0.7158  -0.9551  -0.9991  -0.8373  -0.9949   1.0000



COEFFICIENTS OF AUTOCORRELATION
Order           1        2        3        4        5
y          0.5792   0.3129   0.1766   0.1085   0.0734
c_H        0.9442   0.8368   0.7171   0.6051   0.5089
c_E        0.5401   0.2631   0.1285   0.0668   0.0394
i          0.5196   0.2279   0.0853   0.0200  -0.0088
pi        -0.0725  -0.1209  -0.0894  -0.0603  -0.0396
r          0.7090   0.4728   0.3143   0.2115   0.1460
mu         0.4762   0.2269   0.1080   0.0513   0.0243
phi_E     -0.0127  -0.0506  -0.0298  -0.0150  -0.0073
l          0.5875   0.3134   0.1694   0.0958   0.0575
e          0.5070   0.2520   0.1275   0.0673   0.0379

MODEL SUMMARY

  Number of variables:         39
  Number of stochastic shocks: 10
  Number of state variables:   19
  Number of jumpers:           8
  Number of static variables:  15


MATRIX OF COVARIANCE OF EXOGENOUS SHOCKS
Variables       eta_a     eta_g     eta_c     eta_m     eta_i     eta_r     eta_t     eta_p     eta_e    eta_mh
eta_a        0.000000  0.000000  0.000000  0.000000  0.000000  0.000000  0.000000  0.000000  0.000000  0.000000
eta_g        0.000000  0.000000  0.000000  0.000000  0.000000  0.000000  0.000000  0.000000  0.000000  0.000000
eta_c        0.000000  0.000000  0.000000  0.000000  0.000000  0.000000  0.000000  0.000000  0.000000  0.000000
eta_m        0.000000  0.000000  0.000000  0.000000  0.000000  0.000000  0.000000  0.000000  0.000000  0.000000
eta_i        0.000000  0.000000  0.000000  0.000000  0.000000  0.000000  0.000000  0.000000  0.000000  0.000000
eta_r        0.000000  0.000000  0.000000  0.000000  0.000000  0.000000  0.000000  0.000000  0.000000  0.000000
eta_t        0.000000  0.000000  0.000000  0.000000  0.000000  0.000000  1.000000  0.000000  0.000000  0.000000
eta_p        0.000000  0.000000  0.000000  0.000000  0.000000  0.000000  0.000000  0.000000  0.000000  0.000000
eta_e        0.000000  0.000000  0.000000  0.000000  0.000000  0.000000  0.000000  0.000000  0.000000  0.000000
eta_mh       0.000000  0.000000  0.000000  0.000000  0.000000  0.000000  0.000000  0.000000  0.000000  0.000000

POLICY AND TRANSITION FUNCTIONS
                                   y             c_H             c_E               i              pi               r              mu           phi_E               l               e
Constant                    2.400000        1.053874        0.240907        0.587720        1.005000        1.007014        0.029323        0.018036       23.279307        0.432195
c_E(-1)                    -0.149206       -0.037443       -0.093089       -0.018417        0.072984        0.011691       -0.001528        8.885403       -1.972041       -0.023882
c_H(-1)                     0.345476        0.651254       -0.285361       -0.021011        0.052005        0.008665        0.003538        3.997608       -1.553345        0.055298
k(-1)                       0.483050        0.020882        0.461080        0.000257       -0.037396       -0.005689        0.004947       -6.857167        1.482027        0.077319
l(-1)                      -0.603918       -0.017898       -0.580882       -0.004099        0.044404        0.006732       -0.006185        8.670943       -0.822930       -0.096665
r(-1)                    -104.703566       -5.159242      -97.656776       -1.707571        5.740452        1.791720       -1.072305     1492.402279     -252.883304      -16.759216
e_a(-1)                     3.049352        0.217941        2.660679        0.165490       -0.366356       -0.056980        0.031229      -33.964765       10.498482        0.488090
e_g(-1)                     0.175766       -0.017972       -0.145787       -0.010520        0.026494        0.004415        0.001800        2.049824       -0.790957        0.028134
e_c(-1)                     1.505267        0.308285        1.139777        0.054617       -0.108996       -0.016509        0.015416      -15.937701        3.707976        0.240938
e_m(-1)                    15.358621        0.534689       14.603192        0.194340       -1.142200       -0.173309        0.157293     -225.301284       46.908340        2.458354
e_r(-1)                   -28.995336       -1.511735      -26.911272       -0.522489        1.493621        0.456001       -0.296951      413.264145      -74.421003       -4.641094
e_t(-1)                    -0.018640       -0.001083       -0.018336       -0.000560        0.002256        0.000351        0.012644        0.243135       -0.058139       -0.008698
e_e(-1)                    -0.014384       -0.000240       -0.014092       -0.000027        0.000786        0.000116       -0.000147        0.160382       -0.015576        0.209006
e_mh(-1)                   -0.034034       -0.001683       -0.031823       -0.000469        0.003560        0.000550       -0.000349        0.672450       -0.129061       -0.005448
i(-1)                      -0.613996       -0.071856       -1.384483        0.843399        0.150740        0.023920       -0.006288       19.587455       -4.439258       -0.098278
e_i(-1)                     0.030744       -0.000257        0.006157        0.024792        0.001587        0.000279        0.000315       -0.013670        0.000703        0.004921
eta_a                       3.847635        0.274996        3.357212        0.208814       -0.462263       -0.071896        0.039405      -42.856322       13.246855        0.615866
eta_g                       0.259320       -0.026516       -0.215089       -0.015521        0.039089        0.006513        0.002656        3.024242       -1.166952        0.041508
eta_c                       1.530864        0.313527        1.159160        0.055546       -0.110849       -0.016790        0.015678      -16.208730        3.771032        0.245035
eta_m                      15.779350        0.549336       15.003227        0.199663       -1.173489       -0.178057        0.161602     -231.473112       48.193332        2.525698
eta_i                       0.141761       -0.001186        0.028389        0.114314        0.007318        0.001289        0.001452       -0.063032        0.003240        0.022691
eta_r                    -123.735747       -6.451232     -114.842136       -2.229687        6.373932        1.945956       -1.267220     1763.578374     -317.586881      -19.805573
eta_t                      -0.039048       -0.002269       -0.038411       -0.001174        0.004726        0.000735        0.026487        0.509333       -0.121792       -0.018222
eta_e                      -0.029420       -0.000491       -0.028823       -0.000055        0.001608        0.000238       -0.000301        0.328035       -0.031858        0.427486
eta_mh                     -0.092042       -0.004552       -0.086063       -0.001269        0.009627        0.001489       -0.000943        1.818576       -0.349034       -0.014733


THEORETICAL MOMENTS
VARIABLE         MEAN  STD. DEV.   VARIANCE
y              2.4000     0.0440     0.0019
c_H            1.0539     0.0053     0.0000
c_E            0.2409     0.0413     0.0017
i              0.5877     0.0039     0.0000
pi             1.0050     0.0052     0.0000
r              1.0070     0.0008     0.0000
mu             0.0293     0.0301     0.0009
phi_E          0.0180     0.5165     0.2668
l             23.2793     0.1470     0.0216
e              0.4322     0.0207     0.0004



VARIANCE DECOMPOSITION (in percent)
          eta_a   eta_g   eta_c   eta_m   eta_i   eta_r   eta_t   eta_p   eta_e  eta_mh
y          0.00    0.00    0.00    0.00    0.00    0.00  100.00    0.00    0.00    0.00
c_H        0.00    0.00    0.00    0.00    0.00    0.00  100.00    0.00    0.00    0.00
c_E        0.00    0.00    0.00    0.00    0.00    0.00  100.00    0.00    0.00    0.00
i          0.00    0.00    0.00    0.00    0.00    0.00  100.00    0.00    0.00    0.00
pi         0.00    0.00    0.00    0.00    0.00    0.00  100.00    0.00    0.00    0.00
r          0.00    0.00    0.00    0.00    0.00    0.00  100.00    0.00    0.00    0.00
mu         0.00    0.00    0.00    0.00    0.00    0.00  100.00    0.00    0.00    0.00
phi_E      0.00    0.00    0.00    0.00    0.00    0.00  100.00    0.00    0.00    0.00
l          0.00    0.00    0.00    0.00    0.00    0.00  100.00    0.00    0.00    0.00
e          0.00    0.00    0.00    0.00    0.00    0.00  100.00    0.00    0.00    0.00



MATRIX OF CORRELATIONS
Variables          y      c_H      c_E        i       pi        r       mu    phi_E        l        e
y             1.0000   0.7554   0.9880   0.6166  -0.6056  -0.9948  -0.9972  -0.8013   0.9704   0.9988
c_H           0.7554   1.0000   0.6486   0.9096  -0.0602  -0.7532  -0.7368  -0.3082   0.8077   0.7438
c_E           0.9880   0.6486   1.0000   0.4919  -0.6847  -0.9859  -0.9906  -0.8562   0.9477   0.9903
i             0.6166   0.9096   0.4919   1.0000   0.0181  -0.5839  -0.5842  -0.2015   0.6121   0.5959
pi           -0.6056  -0.0602  -0.6847   0.0181   1.0000   0.5725   0.5885   0.9611  -0.5366  -0.5949
r            -0.9948  -0.7532  -0.9859  -0.5839   0.5725   1.0000   0.9984   0.7753  -0.9706  -0.9978
mu           -0.9972  -0.7368  -0.9906  -0.5842   0.5885   0.9984   1.0000   0.7876  -0.9647  -0.9997
phi_E        -0.8013  -0.3082  -0.8562  -0.2015   0.9611   0.7753   0.7876   1.0000  -0.7368  -0.7929
l             0.9704   0.8077   0.9477   0.6121  -0.5366  -0.9706  -0.9647  -0.7368   1.0000   0.9673
e             0.9988   0.7438   0.9903   0.5959  -0.5949  -0.9978  -0.9997  -0.7929   0.9673   1.0000



COEFFICIENTS OF AUTOCORRELATION
Order           1        2        3        4        5
y          0.4577   0.2454   0.1480   0.0978   0.0692
c_H        0.8899   0.7226   0.5589   0.4214   0.3155
c_E        0.3670   0.1350   0.0440   0.0092  -0.0025
i          0.9412   0.8364   0.7156   0.5949   0.4828
pi        -0.2564  -0.1046  -0.0555  -0.0326  -0.0195
r          0.4955   0.2565   0.1256   0.0517   0.0115
mu         0.4777   0.2276   0.1082   0.0513   0.0241
phi_E     -0.1449  -0.0473  -0.0188  -0.0083  -0.0038
l          0.5463   0.3301   0.2155   0.1552   0.1260
e          0.4704   0.2335   0.1218   0.0672   0.0396
Total computing time : 0h00m07s
Note: 1 warning(s) encountered in the preprocessor
Note: warning(s) encountered in MATLAB/Octave code
