Starting Dynare (version 6.3).
Calling Dynare with arguments: none
Starting preprocessing of the model file ... 
WARNING: in the 'steady_state_model' block, variable 'g' is declared twice 
Found 35 equation(s). 
Evaluating expressions... 
Computing static model derivatives (order 1). 
Normalizing the static model... 
Finding the optimal block decomposition of the static model... 
12 block(s) found: 
  11 recursive block(s) and 1 simultaneous block(s). 
  the largest simultaneous block has 14 equation(s) 
                                 and 14 feedback variable(s). 
Computing dynamic model derivatives (order 1). 
Normalizing the dynamic model... 
Finding the optimal block decomposition of the dynamic model... 
10 block(s) found: 
  9 recursive block(s) and 1 simultaneous block(s). 
  the largest simultaneous block has 15 equation(s) 
                                 and 14 feedback variable(s). 
Preprocessing completed. 
Preprocessing time: 0h00m00s.


Residuals of the static equations:
Equation number  1: marginal utility of consumption :       0.000000
Equation number  2: Euler                           :       0.000000
Equation number  3: Labor Supply                    :       0.000000
Equation number  4: FOC i                           :       0.000000
Equation number  5: technology                      :       0.000000
Equation number  6: Capital law of motion           :       0.000000
Equation number  7: FOC k                           :       0.000000
Equation number  8: FOC h                           :       0.000000
Equation number  9: NKPC                            :       0.000000
Equation number 10: FOC y                           :       0.000000
Equation number 11: FOC mu                          :       0.000000
Equation number 12: Resources Constraint            :       0.000000
Equation number 13: Total emissions                 :       0.000000
Equation number 14: Fisherian equation              :       0.000000
Equation number 15: Monetary Policy rule            :       0.000000
Equation number 16: Public spending                 :       0.000000
Equation number 17: Carbon tax                      :       0.000000
Equation number 18: measurement GDP                 :       0.000000
Equation number 19: measurement consumption         :       0.000000
Equation number 20: measurement investment          :       0.000000
Equation number 21: measurement inflation           :       0.000000
Equation number 22: measurement interest rate       :       0.000000
Equation number 23: measurement hours worked        :       0.000000
Equation number 24: Output gap                      :       0.000000
Equation number 25: Consumption gap                 :       0.000000
Equation number 26: Investment gap                  :       0.000000
Equation number 27: Investment gap                  :       0.000000
Equation number 28: Investment gap                  :       0.000000
Equation number 29: shocks                          :       0.000000
Equation number 30: 30                              :       0.000000
Equation number 31: 31                              :       0.000000
Equation number 32: 32                              :       0.000000
Equation number 33: 33                              :       0.000000
Equation number 34: 34                              :       0.000000
Equation number 35: 35                              :       0.000000


[Warning: Some of the parameters have no value (chi, A, betainv) when using initial_estimation_checks. If these
parameters are not initialized in a steadystate file or a steady_state_model-block, Dynare may not be able to
solve the model. Note that simul, perfect_foresight_setup, and perfect_foresight_solver do not automatically call
the steady state file.] 
Initial value of the log posterior (or likelihood): -23441.9283
-----------------
f at the beginning of new iteration,     23441.9282559983
Predicted improvement: 894415985.196975470
lambda =          1; f =        23784.4150331
lambda =    0.33333; f =        23469.8774892
lambda =    0.11111; f =        23442.7889153
lambda =   0.037037; f =        23441.9329817
lambda =   0.012346; f =        23441.9285461
lambda =  0.0041152; f =        -2629.8896122
lambda =  0.0013717; f =        -3718.5826836
lambda = 0.00045725; f =        -4015.9549730
lambda = 0.00015242; f =        -2947.7165070
lambda = 5.0805e-05; f =         1057.4759293
lambda = 1.6935e-05; f =         8286.5269663
Norm of dx     422.95
----
Improvement on iteration 1 =    27457.883228980
-----------------
f at the beginning of new iteration,     -4015.9549729815
Predicted improvement:    45051.396566694
lambda =          1; f =        -4010.9400207
lambda =    0.33333; f =        -4015.4065871
lambda =    0.11111; f =        -4015.8966028
lambda =   0.037037; f =        -4015.9493046
lambda =   0.012346; f =        -4015.9545789
lambda =  0.0041152; f =        -4015.9549711
lambda =  0.0013717; f =        -4125.7113051
lambda =  0.0026518; f =        -4183.9381355
lambda =  0.0051265; f =        -4015.9549597
lambda =  0.0034519; f =        -3713.3710571
lambda =  0.0027227; f =        -4180.4855940
Norm of dx     3.0018
----
Improvement on iteration 2 =      167.983162555
-----------------
f at the beginning of new iteration,     -4183.9381355362
Predicted improvement:     3676.894815172
lambda =          1; f =        -4183.9273860
lambda =    0.33333; f =        -4183.9381301
lambda =    0.11111; f =        -3417.1927988
lambda =   0.037037; f =        -3833.9377934
lambda =   0.012346; f =        -4074.6560730
lambda =  0.0041152; f =        -4169.0975785
lambda =  0.0013717; f =        -4186.8757354
lambda = 0.00045725; f =        -4186.3868260
lambda = 0.00088394; f =        -4187.2423074
Norm of dx    0.88948
----
Improvement on iteration 3 =        3.304171833
-----------------
f at the beginning of new iteration,     -4187.2423073694
Predicted improvement:      682.862187825
lambda =          1; f =        -4187.2287420
lambda =    0.33333; f =        -4187.2422627
lambda =    0.11111; f =        -4186.5802438
lambda =   0.037037; f =        -4213.2792879
Norm of dx    0.40493
----
Improvement on iteration 4 =       26.036980497
-----------------
f at the beginning of new iteration,     -4213.2792878660
Predicted improvement:       49.364176751
lambda =          1; f =        -4213.2786618
lambda =    0.33333; f =        -4237.2966926
lambda =    0.64439; f =        -4213.2792865
lambda =     0.4339; f =        -4240.8957143
Norm of dx     0.1035
----
Improvement on iteration 5 =       27.616426440
-----------------
f at the beginning of new iteration,     -4240.8957143057
Predicted improvement:       68.550045892
lambda =          1; f =        -4240.8891550
lambda =    0.33333; f =        -4240.8955289
lambda =    0.11111; f =        -4243.4712541
lambda =   0.037037; f =        -4244.8483433
lambda =   0.071599; f =        -4246.0993999
Norm of dx    0.19256
----
Improvement on iteration 6 =        5.203685615
-----------------
f at the beginning of new iteration,     -4246.0993999207
Predicted improvement:       30.457879357
lambda =          1; f =        -4278.6989231
Norm of dx    0.11668
----
Improvement on iteration 7 =       32.599523137
-----------------
f at the beginning of new iteration,     -4278.6989230580
Predicted improvement:       17.492782393
lambda =          1; f =        -4287.4128874
lambda =    0.33333; f =        -4285.8019184
Norm of dx   0.054246
----
Improvement on iteration 8 =        8.713964320
-----------------
f at the beginning of new iteration,     -4287.4128873784
Predicted improvement:        4.701322112
lambda =          1; f =        -4293.4957927
Norm of dx   0.025094
----
Improvement on iteration 9 =        6.082905284
-----------------
f at the beginning of new iteration,     -4293.4957926625
Predicted improvement:        3.101474637
lambda =          1; f =        -4297.4746769
Norm of dx   0.034186
----
Improvement on iteration 10 =        3.978884225
-----------------
f at the beginning of new iteration,     -4297.4746768875
Predicted improvement:        1.947696583
lambda =          1; f =        -4299.3647171
Norm of dx   0.033551
----
Improvement on iteration 11 =        1.890040243
-----------------
f at the beginning of new iteration,     -4299.3647171304
Predicted improvement:        2.730338012
lambda =          1; f =        -4302.7608287
Norm of dx   0.020302
----
Improvement on iteration 12 =        3.396111574
-----------------
f at the beginning of new iteration,     -4302.7608287046
Predicted improvement:        2.904788644
lambda =          1; f =        -4306.2313925
Norm of dx   0.046929
----
Improvement on iteration 13 =        3.470563785
-----------------
f at the beginning of new iteration,     -4306.2313924896
Predicted improvement:        0.880142134
lambda =          1; f =        -4305.4948300
lambda =    0.33333; f =        -4306.6117216
Norm of dx   0.040206
----
Improvement on iteration 14 =        0.380329076
-----------------
f at the beginning of new iteration,     -4306.6117215660
Predicted improvement:        1.884209944
lambda =          1; f =        -4307.0703233
lambda =    0.33333; f =        -4307.4752431
Norm of dx   0.080749
----
Improvement on iteration 15 =        0.863521540
-----------------
f at the beginning of new iteration,     -4307.4752431061
Predicted improvement:        0.482551053
lambda =          1; f =        -4308.1319028
Norm of dx   0.031214
----
Improvement on iteration 16 =        0.656659706
-----------------
f at the beginning of new iteration,     -4308.1319028123
Predicted improvement:        0.305859556
lambda =          1; f =        -4308.5253794
Norm of dx   0.022999
----
Improvement on iteration 17 =        0.393476575
-----------------
f at the beginning of new iteration,     -4308.5253793876
Predicted improvement:        0.206091641
lambda =          1; f =        -4308.7939354
Norm of dx   0.013642
----
Improvement on iteration 18 =        0.268555988
-----------------
f at the beginning of new iteration,     -4308.7939353758
Predicted improvement:        0.159729435
lambda =          1; f =        -4309.0415643
lambda =     1.9332; f =        -4309.1411230
Norm of dx   0.012232
----
Improvement on iteration 19 =        0.347187637
-----------------
f at the beginning of new iteration,     -4309.1411230129
Predicted improvement:        0.190980891
lambda =          1; f =        -4309.4999094
lambda =     1.9332; f =        -4309.7893936
lambda =     3.7372; f =        -4310.1989201
lambda =     7.2247; f =        -4310.2247983
Norm of dx   0.013848
----
Improvement on iteration 20 =        1.083675260
-----------------
f at the beginning of new iteration,     -4310.2247982733
Predicted improvement:        0.852673471
lambda =          1; f =        -4311.4909683
lambda =     1.9332; f =        -4311.8989998
Norm of dx   0.025223
----
Improvement on iteration 21 =        1.674201556
-----------------
f at the beginning of new iteration,     -4311.8989998290
Predicted improvement:        0.653561951
lambda =          1; f =        -4312.9126462
lambda =     1.9332; f =        -4313.2843209
Norm of dx   0.066203
----
Improvement on iteration 22 =        1.385321053
-----------------
f at the beginning of new iteration,     -4313.2843208819
Predicted improvement:        0.420423633
lambda =          1; f =        -4313.9753058
lambda =     1.9332; f =        -4314.3188294
Norm of dx   0.042134
----
Improvement on iteration 23 =        1.034508473
-----------------
f at the beginning of new iteration,     -4314.3188293546
Predicted improvement:        0.741594232
lambda =          1; f =        -4314.8502621
Norm of dx   0.052839
----
Improvement on iteration 24 =        0.531432720
-----------------
f at the beginning of new iteration,     -4314.8502620743
Predicted improvement:        0.473851452
lambda =          1; f =        -4314.9657557
lambda =    0.33333; f =        -4315.0911735
lambda =    0.64439; f =        -4315.1526172
Norm of dx   0.021778
----
Improvement on iteration 25 =        0.302355110
-----------------
f at the beginning of new iteration,     -4315.1526171839
Predicted improvement:        0.131927894
lambda =          1; f =        -4315.3387594
lambda =     1.9332; f =        -4315.3789403
Norm of dx   0.019075
----
Improvement on iteration 26 =        0.226323121
-----------------
f at the beginning of new iteration,     -4315.3789403050
Predicted improvement:        0.108254344
lambda =          1; f =        -4315.5679994
lambda =     1.9332; f =        -4315.6937455
lambda =     3.7372; f =        -4315.7907252
Norm of dx   0.021946
----
Improvement on iteration 27 =        0.411784850
-----------------
f at the beginning of new iteration,     -4315.7907251548
Predicted improvement:        0.145825454
lambda =          1; f =        -4315.9939060
Norm of dx   0.010726
----
Improvement on iteration 28 =        0.203180814
-----------------
f at the beginning of new iteration,     -4315.9939059690
Predicted improvement:        0.105588697
lambda =          1; f =        -4316.1160078
Norm of dx   0.013396
----
Improvement on iteration 29 =        0.122101812
-----------------
f at the beginning of new iteration,     -4316.1160077807
Predicted improvement:        0.021969762
lambda =          1; f =        -4316.1514390
lambda =     1.9332; f =        -4316.1688723
Norm of dx  0.0037993
----
Improvement on iteration 30 =        0.052864485
-----------------
f at the beginning of new iteration,     -4316.1688722654
Predicted improvement:        0.040094299
lambda =          1; f =        -4316.2424367
lambda =     1.9332; f =        -4316.2991683
lambda =     3.7372; f =        -4316.3757895
Norm of dx  0.0075597
----
Improvement on iteration 31 =        0.206917275
-----------------
f at the beginning of new iteration,     -4316.3757895404
Predicted improvement:        0.222959719
lambda =          1; f =        -4316.7649358
lambda =     1.9332; f =        -4317.0246924
lambda =     3.7372; f =        -4317.2409070
Norm of dx   0.043282
----
Improvement on iteration 32 =        0.865117486
-----------------
f at the beginning of new iteration,     -4317.2409070265
Predicted improvement:        0.477414080
lambda =          1; f =        -4318.0388517
lambda =     1.9332; f =        -4318.5043283
Norm of dx   0.067831
----
Improvement on iteration 33 =        1.263421282
-----------------
f at the beginning of new iteration,     -4318.5043283086
Predicted improvement:        0.312505031
lambda =          1; f =        -4318.8821363
Norm of dx   0.076637
----
Improvement on iteration 34 =        0.377808001
-----------------
f at the beginning of new iteration,     -4318.8821363093
Predicted improvement:        0.059770714
lambda =          1; f =        -4318.9751874
lambda =     1.9332; f =        -4319.0159098
Norm of dx   0.027863
----
Improvement on iteration 35 =        0.133773531
-----------------
f at the beginning of new iteration,     -4319.0159098405
Predicted improvement:        0.049558594
lambda =          1; f =        -4319.1034840
lambda =     1.9332; f =        -4319.1647386
lambda =     3.7372; f =        -4319.2308793
Norm of dx   0.017418
----
Improvement on iteration 36 =        0.214969427
-----------------
f at the beginning of new iteration,     -4319.2308792675
Predicted improvement:        0.099550653
lambda =          1; f =        -4319.3890941
lambda =     1.9332; f =        -4319.4598231
Norm of dx   0.026823
----
Improvement on iteration 37 =        0.228943864
-----------------
f at the beginning of new iteration,     -4319.4598231315
Predicted improvement:        0.153215691
lambda =          1; f =        -4319.7126131
lambda =     1.9332; f =        -4319.8400036
Norm of dx   0.032888
----
Improvement on iteration 38 =        0.380180512
-----------------
f at the beginning of new iteration,     -4319.8400036435
Predicted improvement:        0.302008721
lambda =          1; f =        -4320.3188777
lambda =     1.9332; f =        -4320.5170578
Norm of dx   0.064195
----
Improvement on iteration 39 =        0.677054135
-----------------
f at the beginning of new iteration,     -4320.5170577789
Predicted improvement:        0.291856073
lambda =          1; f =        -4320.7893365
Norm of dx   0.011196
----
Improvement on iteration 40 =        0.272278693
-----------------
f at the beginning of new iteration,     -4320.7893364716
Predicted improvement:        0.107877701
lambda =          1; f =        -4320.8652822
Norm of dx   0.071494
----
Improvement on iteration 41 =        0.075945721
-----------------
f at the beginning of new iteration,     -4320.8652821926
Predicted improvement:        0.028833768
lambda =          1; f =        -4320.8918145
Norm of dx    0.01002
----
Improvement on iteration 42 =        0.026532345
-----------------
f at the beginning of new iteration,     -4320.8918145377
Predicted improvement:        0.005783565
lambda =          1; f =        -4320.9007755
lambda =     1.9332; f =        -4320.9046276
Norm of dx  0.0074186
----
Improvement on iteration 43 =        0.012813046
-----------------
f at the beginning of new iteration,     -4320.9046275841
Predicted improvement:        0.010661727
lambda =          1; f =        -4320.9232476
lambda =     1.9332; f =        -4320.9355869
lambda =     3.7372; f =        -4320.9455638
Norm of dx  0.0058228
----
Improvement on iteration 44 =        0.040936187
-----------------
f at the beginning of new iteration,     -4320.9455637715
Predicted improvement:        0.037056065
lambda =          1; f =        -4321.0133940
lambda =     1.9332; f =        -4321.0656474
lambda =     3.7372; f =        -4321.1367361
Norm of dx   0.013371
----
Improvement on iteration 45 =        0.191172307
-----------------
f at the beginning of new iteration,     -4321.1367360783
Predicted improvement:        0.272317223
lambda =          1; f =        -4321.6219848
lambda =     1.9332; f =        -4321.9689689
lambda =     3.7372; f =        -4322.3450604
Norm of dx   0.089561
----
Improvement on iteration 46 =        1.208324363
-----------------
f at the beginning of new iteration,     -4322.3450604414
Correct for low angle: 0.00178927
Predicted improvement:        2.120089011
lambda =          1; f =        -4313.7901245
lambda =    0.33333; f =        -4321.9551015
lambda =    0.11111; f =        -4322.5982733
Norm of dx     0.2716
----
Improvement on iteration 47 =        0.253212848
-----------------
f at the beginning of new iteration,     -4322.5982732889
Correct for low angle: 0.00412232
Predicted improvement:        1.023199904
lambda =          1; f =        -4322.1718697
lambda =    0.33333; f =        -4323.0346885
Norm of dx    0.31503
----
Improvement on iteration 48 =        0.436415208
-----------------
f at the beginning of new iteration,     -4323.0346884973
Correct for low angle: 0.0016894
Predicted improvement:        2.169830451
lambda =          1; f =        -4310.5221709
lambda =    0.33333; f =        -4322.0116482
lambda =    0.11111; f =        -4323.2129783
Norm of dx    0.30344
----
Improvement on iteration 49 =        0.178289779
-----------------
f at the beginning of new iteration,     -4323.2129782760
Correct for low angle: 0.00206933
Predicted improvement:        1.599939421
lambda =          1; f =        -4299.4719096
lambda =    0.33333; f =        -4322.1459940
lambda =    0.11111; f =        -4323.3524087
Norm of dx    0.29043
----
Improvement on iteration 50 =        0.139430444
-----------------
f at the beginning of new iteration,     -4323.3524087196
Correct for low angle: 0.00201814
Predicted improvement:        1.341413412
lambda =          1; f =        -4315.1194029
lambda =    0.33333; f =        -4322.7296637
lambda =    0.11111; f =        -4323.4682504
Norm of dx    0.25661
----
Improvement on iteration 51 =        0.115841663
-----------------
f at the beginning of new iteration,     -4323.4682503826
Correct for low angle: 0.00213154
Predicted improvement:        1.009556930
lambda =          1; f =        -4311.7816808
lambda =    0.33333; f =        -4322.9385324
lambda =    0.11111; f =        -4323.5672137
Norm of dx    0.22323
----
Improvement on iteration 52 =        0.098963294
-----------------
f at the beginning of new iteration,     -4323.5672136765
Correct for low angle: 0.00245207
Predicted improvement:        0.679437314
lambda =          1; f =        -4319.9342393
lambda =    0.33333; f =        -4323.3765750
lambda =    0.11111; f =        -4323.6434535
Norm of dx      0.191
----
Improvement on iteration 53 =        0.076239805
-----------------
f at the beginning of new iteration,     -4323.6434534815
Correct for low angle: 0.00296972
Predicted improvement:        0.431857465
lambda =          1; f =        -4321.2685387
lambda =    0.33333; f =        -4323.6058726
lambda =    0.11111; f =        -4323.7039360
Norm of dx    0.16132
----
Improvement on iteration 54 =        0.060482479
-----------------
f at the beginning of new iteration,     -4323.7039359607
Correct for low angle: 0.00488322
Predicted improvement:        0.200197770
lambda =          1; f =        -4323.8843960
Norm of dx    0.13361
----
Improvement on iteration 55 =        0.180460000
-----------------
f at the beginning of new iteration,     -4323.8843959606
Correct for low angle: 0.00275948
Predicted improvement:        0.058794071
lambda =          1; f =        -4323.7569980
lambda =    0.33333; f =        -4323.8966163
Norm of dx   0.038328
----
Improvement on iteration 56 =        0.012220359
-----------------
f at the beginning of new iteration,     -4323.8966163199
Correct for low angle: 0.00217361
Predicted improvement:        0.043600826
lambda =          1; f =        -4323.8374243
lambda =    0.33333; f =        -4323.9093601
Norm of dx   0.022435
----
Improvement on iteration 57 =        0.012743757
-----------------
f at the beginning of new iteration,     -4323.9093600767
Correct for low angle: 0.0035545
Predicted improvement:        0.010919903
lambda =          1; f =        -4323.9135174
lambda =    0.33333; f =        -4323.9146348
lambda =    0.64439; f =        -4323.9160565
Norm of dx   0.011869
----
Improvement on iteration 58 =        0.006696377
-----------------
f at the beginning of new iteration,     -4323.9160564534
Correct for low angle: 0.00371228
Predicted improvement:        0.004942901
lambda =          1; f =        -4323.9214586
Norm of dx  0.0065603
----
Improvement on iteration 59 =        0.005402127
-----------------
f at the beginning of new iteration,     -4323.9214585800
Correct for low angle: 0.00251256
Predicted improvement:        0.005268699
lambda =          1; f =        -4323.9190315
lambda =    0.33333; f =        -4323.9234797
Norm of dx   0.008461
----
Improvement on iteration 60 =        0.002021115
-----------------
f at the beginning of new iteration,     -4323.9234796946
Predicted improvement:        0.002696801
lambda =          1; f =        -4323.9281382
lambda =     1.9332; f =        -4323.9307652
Norm of dx  0.0094652
----
Improvement on iteration 61 =        0.007285528
-----------------
f at the beginning of new iteration,     -4323.9307652227
Predicted improvement:        0.003633437
lambda =          1; f =        -4323.9372883
lambda =     1.9332; f =        -4323.9416396
lambda =     3.7372; f =        -4323.9454184
Norm of dx   0.010923
----
Improvement on iteration 62 =        0.014653130
-----------------
f at the beginning of new iteration,     -4323.9454183531
Predicted improvement:        0.009078066
lambda =          1; f =        -4323.9633883
lambda =     1.9332; f =        -4323.9796598
lambda =     3.7372; f =        -4324.0097424
lambda =     7.2247; f =        -4324.0626941
lambda =     13.967; f =        -4324.1450558
lambda =         27; f =        -4324.2248434
Norm of dx  0.0046882
----
Improvement on iteration 63 =        0.279425040
-----------------
f at the beginning of new iteration,     -4324.2248433934
Correct for low angle: 0.00313129
Predicted improvement:        0.340423842
lambda =          1; f =        -4323.2286917
lambda =    0.33333; f =        -4324.2800382
lambda =    0.11111; f =        -4324.2814997
lambda =     0.2148; f =        -4324.3003766
Norm of dx    0.13934
----
Improvement on iteration 64 =        0.075533194
-----------------
f at the beginning of new iteration,     -4324.3003765878
Correct for low angle: 0.00249713
Predicted improvement:        0.319214760
lambda =          1; f =        -4322.9396747
lambda =    0.33333; f =        -4324.2738773
lambda =    0.11111; f =        -4324.3443717
Norm of dx    0.11648
----
Improvement on iteration 65 =        0.043995155
-----------------
f at the beginning of new iteration,     -4324.3443717427
Predicted improvement:        0.109697185
lambda =          1; f =        -4324.4832737
Norm of dx   0.092305
----
Improvement on iteration 66 =        0.138901916
-----------------
f at the beginning of new iteration,     -4324.4832736582
Predicted improvement:        0.058865248
lambda =          1; f =        -4324.5584426
Norm of dx   0.049828
----
Improvement on iteration 67 =        0.075168950
-----------------
f at the beginning of new iteration,     -4324.5584426082
Predicted improvement:        0.026922220
lambda =          1; f =        -4324.5912439
Norm of dx   0.023703
----
Improvement on iteration 68 =        0.032801267
-----------------
f at the beginning of new iteration,     -4324.5912438756
Predicted improvement:        0.007043658
lambda =          1; f =        -4324.5985722
Norm of dx   0.010037
----
Improvement on iteration 69 =        0.007328288
-----------------
f at the beginning of new iteration,     -4324.5985721638
Predicted improvement:        0.000456797
lambda =          1; f =        -4324.5989211
Norm of dx  0.0027592
----
Improvement on iteration 70 =        0.000348964
-----------------
f at the beginning of new iteration,     -4324.5989211278
Predicted improvement:        0.000016318
lambda =          1; f =        -4324.5989277
lambda =    0.33333; f =        -4324.5989267
Norm of dx 0.00070879
----
Improvement on iteration 71 =        0.000006596
-----------------
f at the beginning of new iteration,     -4324.5989277241
Predicted improvement:        0.000002261
lambda =          1; f =        -4324.5989336
lambda =     1.9332; f =        -4324.5989383
lambda =     3.7372; f =        -4324.5989453
lambda =     7.2247; f =        -4324.5989509
lambda =     13.967; f =        -4324.5989319
lambda =     9.4043; f =        -4324.5989490
Norm of dx 0.00010146
----
Improvement on iteration 72 =        0.000023179
-----------------
f at the beginning of new iteration,     -4324.5989509036
Predicted improvement:        0.000012668
lambda =          1; f =        -4324.5989680
Norm of dx 0.00019096
----
Improvement on iteration 73 =        0.000017131
-----------------
f at the beginning of new iteration,     -4324.5989680349
Predicted improvement:        0.000115157
lambda =          1; f =        -4324.5991147
Norm of dx  0.0010354
----
Improvement on iteration 74 =        0.000146627
-----------------
f at the beginning of new iteration,     -4324.5991146621
Predicted improvement:        0.000214768
lambda =          1; f =        -4324.5994274
lambda =     1.9332; f =        -4324.5995724
Norm of dx   0.001415
----
Improvement on iteration 75 =        0.000457781
-----------------
f at the beginning of new iteration,     -4324.5995724433
Correct for low angle: 0.00401786
Predicted improvement:        0.000574123
lambda =          1; f =        -4324.6005043
lambda =     1.9332; f =        -4324.6009095
Norm of dx  0.0037532
----
Improvement on iteration 76 =        0.001337087
-----------------
f at the beginning of new iteration,     -4324.6009095304
Correct for low angle: 0.00152011
Predicted improvement:        0.005499439
lambda =          1; f =        -4324.5695944
lambda =    0.33333; f =        -4324.5997392
lambda =    0.11111; f =        -4324.6015282
Norm of dx   0.013202
----
Improvement on iteration 77 =        0.000618674
-----------------
f at the beginning of new iteration,     -4324.6015282049
Predicted improvement:        0.002551747
lambda =          1; f =        -4324.6063924
lambda =     1.9332; f =        -4324.6106204
lambda =     3.7372; f =        -4324.6179221
lambda =     7.2247; f =        -4324.6286151
lambda =     13.967; f =        -4324.6347927
Norm of dx   0.019005
----
Improvement on iteration 78 =        0.033264518
-----------------
f at the beginning of new iteration,     -4324.6347927230
Correct for low angle: 0.000580491
Predicted improvement:        0.210956456
lambda =          1; f =        -4319.1713036
lambda =    0.33333; f =        -4323.9980265
lambda =    0.11111; f =        -4324.5905446
lambda =   0.037037; f =        -4324.6403783
Norm of dx    0.13866
----
Improvement on iteration 79 =        0.005585591
-----------------
f at the beginning of new iteration,     -4324.6403783140
Correct for low angle: 0.00106715
Predicted improvement:        0.126555126
lambda =          1; f =        -4313.3923975
lambda =    0.33333; f =        -4323.7153290
lambda =    0.11111; f =        -4324.5632033
lambda =   0.037037; f =        -4324.6380077
lambda =   0.012346; f =        -4324.6421036
Norm of dx    0.16308
----
Improvement on iteration 80 =        0.001725319
-----------------
f at the beginning of new iteration,     -4324.6421036329
Predicted improvement:        0.026044634
lambda =          1; f =        -4324.6830517
lambda =     1.9332; f =        -4324.7008634
Norm of dx    0.16465
----
Improvement on iteration 81 =        0.058759810
-----------------
f at the beginning of new iteration,     -4324.7008634433
Correct for low angle: 0.0046507
Predicted improvement:        0.022687555
lambda =          1; f =        -4324.7039923
lambda =    0.33333; f =        -4324.7114329
Norm of dx   0.095256
----
Improvement on iteration 82 =        0.010569458
-----------------
f at the beginning of new iteration,     -4324.7114329013
Correct for low angle: 0.000516026
Predicted improvement:        0.123548967
lambda =          1; f =        -4313.5456655
lambda =    0.33333; f =        -4323.7871103
lambda =    0.11111; f =        -4324.6337428
lambda =   0.037037; f =        -4324.7088570
lambda =   0.012346; f =        -4324.7130876
Norm of dx    0.14166
----
Improvement on iteration 83 =        0.001654747
-----------------
f at the beginning of new iteration,     -4324.7130876479
Correct for low angle: 0.00388758
Predicted improvement:        0.015457070
lambda =          1; f =        -4324.1311107
lambda =    0.33333; f =        -4324.6580211
lambda =    0.11111; f =        -4324.7091469
lambda =   0.037037; f =        -4324.7133403
lambda =   0.012346; f =        -4324.7133446
Norm of dx    0.16303
----
Improvement on iteration 84 =        0.000256971
-----------------
f at the beginning of new iteration,     -4324.7133446194
Correct for low angle: 0.00293013
Predicted improvement:        0.020109174
lambda =          1; f =        -4323.0065985
lambda =    0.33333; f =        -4324.5139398
lambda =    0.11111; f =        -4324.6938235
lambda =   0.037037; f =        -4324.7122992
lambda =   0.012346; f =        -4324.7136124
Norm of dx    0.16115
----
Improvement on iteration 85 =        0.000267817
-----------------
f at the beginning of new iteration,     -4324.7136124364
Correct for low angle: 0.00132823
Predicted improvement:        0.044094152
lambda =          1; f =        -4315.5399655
lambda =    0.33333; f =        -4323.9067372
lambda =    0.11111; f =        -4324.6354249
lambda =   0.037037; f =        -4324.7070202
lambda =   0.012346; f =        -4324.7135191
lambda =  0.0041152; f =        -4324.7138129
Norm of dx    0.16006
----
Improvement on iteration 86 =        0.000200512
-----------------
f at the beginning of new iteration,     -4324.7138129485
Predicted improvement:        0.011580788
lambda =          1; f =        -4324.7282985
Norm of dx    0.16053
----
Improvement on iteration 87 =        0.014485524
-----------------
f at the beginning of new iteration,     -4324.7282984728
Predicted improvement:        0.004555177
lambda =          1; f =        -4324.7326746
Norm of dx   0.074184
----
Improvement on iteration 88 =        0.004376140
-----------------
f at the beginning of new iteration,     -4324.7326746127
Correct for low angle: 0.00262198
Predicted improvement:        0.005550078
lambda =          1; f =        -4322.9962905
lambda =    0.33333; f =        -4324.5248436
lambda =    0.11111; f =        -4324.7100889
lambda =   0.037037; f =        -4324.7305605
lambda =   0.012346; f =        -4324.7325802
lambda =  0.0041152; f =        -4324.7327113
lambda =  0.0079555; f =        -4324.7326840
lambda =  0.0053568; f =        -4324.7327090
Norm of dx    0.14592
----
Improvement on iteration 89 =        0.000036681
-----------------
f at the beginning of new iteration,     -4324.7327112940
Correct for low angle: 0.00103416
Predicted improvement:        0.013980372
lambda =          1; f =        -4315.9653995
lambda =    0.33333; f =        -4323.9488793
lambda =    0.11111; f =        -4324.6523569
lambda =   0.037037; f =        -4324.7243797
lambda =   0.012346; f =        -4324.7319278
lambda =  0.0041152; f =        -4324.7326696
lambda =  0.0013717; f =        -4324.7327217
lambda = 0.00045725; f =        -4324.7327175
Norm of dx      0.145
----
Improvement on iteration 90 =        0.000010416
-----------------
f at the beginning of new iteration,     -4324.7327217098
Correct for low angle: 0.00428061
Predicted improvement:        0.003329680
lambda =          1; f =        -4324.6014163
lambda =    0.33333; f =        -4324.7197149
lambda =    0.11111; f =        -4324.7316561
lambda =   0.037037; f =        -4324.7327246
lambda =   0.012346; f =        -4324.7327623
Norm of dx    0.14434
----
Improvement on iteration 91 =        0.000040566
-----------------
f at the beginning of new iteration,     -4324.7327622753
Correct for low angle: 0.00120199
Predicted improvement:        0.011656341
lambda =          1; f =        -4320.2012873
lambda =    0.33333; f =        -4324.1530389
lambda =    0.11111; f =        -4324.6671826
lambda =   0.037037; f =        -4324.7261663
lambda =   0.012346; f =        -4324.7323023
lambda =  0.0041152; f =        -4324.7328037
Norm of dx    0.14367
----
Improvement on iteration 92 =        0.000041461
-----------------
f at the beginning of new iteration,     -4324.7328037359
Correct for low angle: 0.000692945
Predicted improvement:        0.020156207
lambda =          1; f =        -4314.2678786
lambda =    0.33333; f =        -4323.8167669
lambda =    0.11111; f =        -4324.6400646
lambda =   0.037037; f =        -4324.7234284
lambda =   0.012346; f =        -4324.7320005
lambda =  0.0041152; f =        -4324.7327914
lambda =  0.0013717; f =        -4324.7328279
Norm of dx     0.1429
----
Improvement on iteration 93 =        0.000024175
-----------------
f at the beginning of new iteration,     -4324.7328279105
Correct for low angle: 0.00166159
Predicted improvement:        0.008426887
lambda =          1; f =        -4319.0700956
lambda =    0.33333; f =        -4324.2049475
lambda =    0.11111; f =        -4324.6777873
lambda =   0.037037; f =        -4324.7269992
lambda =   0.012346; f =        -4324.7322440
lambda =  0.0041152; f =        -4324.7327831
lambda =  0.0013717; f =        -4324.7328296
lambda = 0.00045725; f =        -4324.7328303
Norm of dx    0.14454
----
Improvement on iteration 94 =        0.000002400
-----------------
f at the beginning of new iteration,     -4324.7328303101
Correct for low angle: 0.00252439
Predicted improvement:        0.005225828
lambda =          1; f =        -4322.3961731
lambda =    0.33333; f =        -4324.5018458
lambda =    0.11111; f =        -4324.7083717
lambda =   0.037037; f =        -4324.7302434
lambda =   0.012346; f =        -4324.7325768
lambda =  0.0041152; f =        -4324.7328131
lambda =  0.0013717; f =        -4324.7328320
lambda = 0.00045725; f =        -4324.7328317
lambda = 0.00015242; f =        -4324.7328309
Norm of dx    0.13801
----
Improvement on iteration 95 =        0.000001729
-----------------
f at the beginning of new iteration,     -4324.7328320387
Predicted improvement:        0.002756052
lambda =          1; f =        -4324.7341172
lambda =    0.33333; f =        -4324.7342026
lambda =    0.64439; f =        -4324.7346847
Norm of dx    0.14379
----
Improvement on iteration 96 =        0.001852622
-----------------
f at the beginning of new iteration,     -4324.7346846607
Correct for low angle: 0.00100647
Predicted improvement:        0.000785007
lambda =          1; f =        -4324.6372090
lambda =    0.33333; f =        -4324.7242639
lambda =    0.11111; f =        -4324.7337346
lambda =   0.037037; f =        -4324.7346511
lambda =   0.012346; f =        -4324.7347050
lambda =   0.023866; f =        -4324.7346955
lambda =    0.01607; f =        -4324.7347050
lambda =   0.020374; f =        -4324.7347013
Norm of dx   0.018292
----
Improvement on iteration 97 =        0.000020358
-----------------
f at the beginning of new iteration,     -4324.7347050188
Correct for low angle: 0.000902342
Predicted improvement:        0.000864554
lambda =          1; f =        -4324.6211198
lambda =    0.33333; f =        -4324.7224452
lambda =    0.11111; f =        -4324.7333673
lambda =   0.037037; f =        -4324.7345611
lambda =   0.012346; f =        -4324.7346905
lambda =  0.0041152; f =        -4324.7347039
lambda =  0.0013717; f =        -4324.7347051
lambda = 0.00045725; f =        -4324.7347051
lambda = 0.00015242; f =        -4324.7347050
lambda = 5.0805e-05; f =        -4324.7347050
lambda = 1.6935e-05; f =        -4324.7347050
lambda =  5.645e-06; f =        -4324.7347050
lambda = 1.8817e-06; f =        -4324.7347050
lambda = 6.2723e-07; f =        -4324.7347050
lambda = 2.0908e-07; f =        -4324.7347050
lambda = 6.9692e-08; f =        -4324.7347050
lambda = 2.3231e-08; f =        -4324.7347050
lambda = 7.7435e-09; f =        -4324.7347050
Norm of dx   0.018223
----
Improvement on iteration 98 =        0.000000056
improvement < crit termination

Final value of minus the log posterior (or likelihood):-4324.734705 

RESULTS FROM POSTERIOR ESTIMATION
parameters
       prior mean     mode    s.d.  prior pstdev

rho_g      0.5000   0.9797  0.0075   beta 0.2000 
rho_p      0.5000   0.9310  0.0147   beta 0.2000 
rho_r      0.5000   0.6239  0.0452   beta 0.2000 
rho_c      0.5000   0.9876  0.0055   beta 0.2000 
rho_i      0.5000   0.6972  0.0460   beta 0.2000 
sigmaC     1.5000   2.3382  0.2667   norm 0.3500 
sigmaH     2.0000   0.7683  0.1927   gamm 0.5000 
hh         0.7500   0.1875  0.0380   beta 0.1000 
kappa      4.0000   5.3487  1.8576   gamm 1.5000 
xi       100.0000 106.5157 13.2117   gamm 15.0000 
rho        0.7500   0.4349  0.0733   beta 0.1000 
phi_pi     1.5000   1.7001  0.1440   gamm 0.2500 
phi_y      0.1200   0.0275  0.0115   gamm 0.0500 
phi_dy     0.1200   0.0721  0.0180   norm 0.0500 

standard deviation of shocks
       prior mean     mode    s.d.  prior pstdev

eta_g      0.0100   0.0175  0.0008   invg 2.0000 
eta_p      0.0100   0.1380  0.0497   invg 2.0000 
eta_r      0.0100   0.0034  0.0004   invg 2.0000 
eta_c      0.0100   0.0490  0.0059   invg 2.0000 
eta_i      0.0100   0.0483  0.0163   invg 2.0000 


Log data density [Laplace approximation] is 4268.990825.

Estimation::mcmc: One Chain mode.
Estimation::mcmc: Old mh-files successfully erased!
Estimation::mcmc: Old metropolis.log file successfully erased!
Estimation::mcmc: Creation of a new metropolis.log file.
Estimation::mcmc: Initialization at the posterior mode.

Estimation::mcmc: Write details about the MCMC... Ok!
Estimation::mcmc: Details about the MCMC are available in estim_NK/metropolis\estim_NK_mh_history_0.mat


Estimation::mcmc: Number of mh files: 1 per block.
Estimation::mcmc: Total number of generated files: 1.
Estimation::mcmc: Total number of iterations: 5000.
Estimation::mcmc: Current acceptance ratio per chain:
                                                       Chain  1: 18.52%
Estimation::mcmc: Total number of MH draws per chain: 5000.
Estimation::mcmc: Total number of generated MH files: 1.
Estimation::mcmc: I'll use mh-files 1 to 1.
Estimation::mcmc: In MH-file number 1 I'll start at line 2501.
Estimation::mcmc: Finally I keep 2500 draws per chain.



MCMC Inefficiency factors per block
Parameter       Block 1
SE_eta_g         23.526
SE_eta_p        245.429
SE_eta_r        431.963
SE_eta_c        183.507
SE_eta_i        390.099
rho_g           363.726
rho_p            78.027
rho_r           558.897
rho_c           472.386
rho_i            90.908
sigmaC          205.798
sigmaH           77.330
hh               62.470
kappa           404.894
xi               36.064
rho             529.630
phi_pi          143.975
phi_y            63.038
phi_dy           46.928



Convergence diagnostics results for chain 1.

Geweke (1992) Convergence Tests, based on means of draws 2500 to 3000 vs 3750 to 5000 for chain 1.
p-values are for Chi2-test for equality of means.
Parameter         Post. Mean        Post. Std   p-val No Taper   p-val 4% Taper   p-val 8% Taper  p-val 15% Taper
SE_eta_g               0.018            0.001            0.053            0.697            0.751            0.767
SE_eta_p               0.120            0.030            0.000            0.000            0.000            0.000
SE_eta_r               0.003            0.000            0.000            0.000            0.000            0.000
SE_eta_c               0.048            0.006            0.000            0.000            0.000            0.002
SE_eta_i               0.064            0.016            0.000            0.000            0.000            0.000
rho_g                  0.969            0.015            0.000            0.000            0.001            0.007
rho_p                  0.928            0.017            0.000            0.005            0.017            0.029
rho_r                  0.564            0.104            0.000            0.000            0.000            0.000
rho_c                  0.978            0.011            0.000            0.000            0.000            0.000
rho_i                  0.685            0.034            0.000            0.115            0.214            0.292
sigmaC                 2.348            0.288            0.000            0.000            0.000            0.000
sigmaH                 0.751            0.165            0.000            0.170            0.270            0.330
hh                     0.201            0.038            0.000            0.014            0.061            0.114
kappa                  7.038            1.918            0.000            0.000            0.000            0.000
xi                   120.077           14.673            0.000            0.036            0.094            0.113
rho                    0.515            0.106            0.000            0.000            0.000            0.000
phi_pi                 1.675            0.139            0.000            0.000            0.000            0.000
phi_y                  0.037            0.011            0.001            0.447            0.552            0.627
phi_dy                 0.069            0.016            0.000            0.278            0.370            0.412


marginal density: I'm computing the posterior mean and covariance...  Done!
marginal density: I'm computing the posterior log marginal density (modified harmonic mean)... Done!


ESTIMATION RESULTS

Log data density (Modified Harmonic Mean) is 4261.148062.
parameters
         prior mean   post. mean        90% HPD interval    prior       pstdev

rho_g         0.500       0.9635      0.9250      0.9826     beta       0.2000
rho_p         0.500       0.9316      0.9056      0.9482     beta       0.2000
rho_r         0.500       0.5055      0.3547      0.6606     beta       0.2000
rho_c         0.500       0.9706      0.9522      0.9834     beta       0.2000
rho_i         0.500       0.6852      0.6297      0.7342     beta       0.2000
sigmaC        1.500       2.3322      1.8962      2.7483     norm       0.3500
sigmaH        2.000       0.7020      0.4524      0.8925     gamm       0.5000
hh            0.750       0.2095      0.1501      0.2740     beta       0.1000
kappa         4.000       8.4017      5.6611     10.8108     gamm       1.5000
xi          100.000     122.4451     98.4852    147.5567     gamm      15.0000
rho           0.750       0.5784      0.4318      0.7098     beta       0.1000
phi_pi        1.500       1.6496      1.4124      1.8263     gamm       0.2500
phi_y         0.120       0.0397      0.0217      0.0527     gamm       0.0500
phi_dy        0.120       0.0700      0.0485      0.0906     norm       0.0500

standard deviation of shocks
         prior mean   post. mean        90% HPD interval    prior       pstdev

eta_g         0.010       0.0177      0.0162      0.0189     invg       2.0000
eta_p         0.010       0.1018      0.0722      0.1314     invg       2.0000
eta_r         0.010       0.0029      0.0024      0.0036     invg       2.0000
eta_c         0.010       0.0468      0.0346      0.0546     invg       2.0000
eta_i         0.010       0.0747      0.0537      0.0941     invg       2.0000
Estimation::mcmc: Forecasted variables (mean)
Estimation::mcmc: Forecasted variables (mean), done!
Estimation::mcmc: Forecasted variables (point)
Estimation::mcmc: Forecasted variables (point), done!
[Warning: Some of the parameters have no value (chi, A, betainv) when using stoch_simul. If these parameters are
not initialized in a steadystate file or a steady_state_model-block, Dynare may not be able to solve the model.
Note that simul, perfect_foresight_setup, and perfect_foresight_solver do not automatically call the steady state
file.] 

MODEL SUMMARY

  Number of variables:         35
  Number of stochastic shocks: 7
  Number of state variables:   12
  Number of jumpers:           7
  Number of static variables:  19


MATRIX OF COVARIANCE OF EXOGENOUS SHOCKS
Variables       eta_a     eta_g     eta_c     eta_i     eta_r     eta_t     eta_p
eta_a        0.000000  0.000000  0.000000  0.000000  0.000000  0.000000  0.000000
eta_g        0.000000  0.000312  0.000000  0.000000  0.000000  0.000000  0.000000
eta_c        0.000000  0.000000  0.002188  0.000000  0.000000  0.000000  0.000000
eta_i        0.000000  0.000000  0.000000  0.005575  0.000000  0.000000  0.000000
eta_r        0.000000  0.000000  0.000000  0.000000  0.000009  0.000000  0.000000
eta_t        0.000000  0.000000  0.000000  0.000000  0.000000  0.000000  0.000000
eta_p        0.000000  0.000000  0.000000  0.000000  0.000000  0.000000  0.010355

POLICY AND TRANSITION FUNCTIONS
                              gy_obs          pi_obs           r_obs
c(-1)                       0.012497        0.000914        0.001736
k(-1)                       0.000541       -0.000125       -0.000040
r(-1)                      -0.291322       -0.135579        0.458201
e_a(-1)                     0.289575       -0.163023       -0.088379
e_g(-1)                     0.216819        0.011096        0.026793
e_c(-1)                     0.153465        0.002598        0.015295
e_r(-1)                    -0.460159       -0.302659        0.260203
e_t(-1)                     0.145864        0.019947        0.026740
e_p(-1)                     0.022800       -0.014822       -0.008346
y(-1)                      -0.038571        0.000665       -0.002247
i(-1)                       0.045656        0.007688        0.009378
e_i(-1)                     0.029616        0.011378        0.010546
eta_a                       0.304816       -0.171603       -0.093031
eta_g                       0.225033        0.011516        0.027809
eta_c                       0.158108        0.002676        0.015758
eta_i                       0.043225        0.016607        0.015392
eta_r                      -0.910239       -0.598687        0.514707
eta_t                       0.364660        0.049867        0.066849
eta_p                       0.029374       -0.019096       -0.010752


THEORETICAL MOMENTS
VARIABLE         MEAN  STD. DEV.   VARIANCE
gy_obs         0.0000     0.0107     0.0001
pi_obs         0.0000     0.0050     0.0000
r_obs          0.0000     0.0072     0.0001



VARIANCE DECOMPOSITION (in percent)
           eta_a   eta_g   eta_c   eta_i   eta_r   eta_t   eta_p
gy_obs      0.00   14.49   50.36   15.66    7.13    0.00   12.35
pi_obs      0.00    0.75    1.86   34.23   23.56    0.00   39.61
r_obs       0.00    2.53   11.06   52.57   11.68    0.00   22.16

CONDITIONAL VARIANCE DECOMPOSITION (in percent)
Period 1:
           eta_a   eta_g   eta_c   eta_i   eta_r   eta_t   eta_p
gy_obs      0.00   16.26   56.37   10.74    7.42    0.00    9.21
pi_obs      0.00    0.49    0.18   18.12   36.72    0.00   44.50
r_obs       0.00    4.30    9.69   23.56   41.09    0.00   21.36
Period 4:
           eta_a   eta_g   eta_c   eta_i   eta_r   eta_t   eta_p
gy_obs      0.00   15.02   51.73   14.30    7.14    0.00   11.82
pi_obs      0.00    0.47    0.61   28.68   29.98    0.00   40.26
r_obs       0.00    2.24    7.43   44.60   21.28    0.00   24.45
Period 10:
           eta_a   eta_g   eta_c   eta_i   eta_r   eta_t   eta_p
gy_obs      0.00   14.79   51.13   15.07    7.30    0.00   11.70
pi_obs      0.00    0.50    0.71   33.77   26.15    0.00   38.88
r_obs       0.00    2.00    7.20   55.16   13.79    0.00   21.84
Period 100:
           eta_a   eta_g   eta_c   eta_i   eta_r   eta_t   eta_p
gy_obs      0.00   14.49   50.36   15.66    7.13    0.00   12.35
pi_obs      0.00    0.74    1.79   34.26   23.59    0.00   39.62
r_obs       0.00    2.52   10.93   52.67   11.71    0.00   22.17



MATRIX OF CORRELATIONS
Variables    gy_obs  pi_obs   r_obs
gy_obs       1.0000  0.0520  0.0126
pi_obs       0.0520  1.0000  0.5748
r_obs        0.0126  0.5748  1.0000



COEFFICIENTS OF AUTOCORRELATION
Order           1        2        3        4        5
gy_obs     0.2413   0.0789   0.0182  -0.0100  -0.0248
pi_obs     0.8043   0.6501   0.5293   0.4340   0.3579
r_obs      0.9295   0.8181   0.7022   0.5951   0.5007
